Node: 103093234815696tPublisher: 103093237898672trcl_publisher_t: 103093237882992tDiff (Node → rcl): 3067296tDiff (Publisher → rcl): -15680
Node: 99336460575440tPublisher: 99336463658400trcl_publisher_t: 99336463642720tDiff (Node → rcl): 3067280tDiff (Publisher → rcl): -15680
Node: 94570470417104tPublisher: 94570473500048trcl_publisher_t: 94570473484368tDiff (Node → rcl): 3067264tDiff (Publisher → rcl): -15680
Node: 94737416573648tPublisher: 94737419656592trcl_publisher_t: 94737419640912tDiff (Node → rcl): 3067264tDiff (Publisher → rcl): -15680
Node: 95580807365328tPublisher: 95580810448288trcl_publisher_t: 95580810432688tDiff (Node → rcl): 3067360tDiff (Publisher → rcl): -15600
Node: 104447925318352tPublisher: 104447928401312trcl_publisher_t: 104447928385712tDiff (Node → rcl): 3067360tDiff (Publisher → rcl): -15600
Node: 94831744013008tPublisher: 94831747095936trcl_publisher_t: 94831747080256tDiff (Node → rcl): 3067248tDiff (Publisher → rcl): -15680
Node: 108565252674256tPublisher: 108565255757232trcl_publisher_t: 108565255741600tDiff (Node → rcl): 3067344tDiff (Publisher → rcl): -15632
Node: 97159262843600tPublisher: 97159265926576trcl_publisher_t: 97159265910896tDiff (Node → rcl): 3067296tDiff (Publisher → rcl): -15680
Node: 99164209500880tPublisher: 99164212583808trcl_publisher_t: 99164212568128tDiff (Node → rcl): 3067248tDiff (Publisher → rcl): -15680
Node: 103898390688464	Publisher: 103898393771424	rcl_publisher_t: 103898393755744	Diff (Node → rcl): 3067280	Diff (Publisher → rcl): -15680
Node: 104656601739984	Publisher: 104656604822944	rcl_publisher_t: 104656604807264	Diff (Node → rcl): 3067280	Diff (Publisher → rcl): -15680
Node: 104477651002064	Publisher: 104477654085024	rcl_publisher_t: 104477654069344	Diff (Node → rcl): 3067280	Diff (Publisher → rcl): -15680
Node: 94317874389712	Publisher: 94317877472608	rcl_publisher_t: 94317877456928	Diff (Node → rcl): 3067216	Diff (Publisher → rcl): -15680
Node: 109760474067664	Publisher: 109760477150800	rcl_publisher_t: 109760477135120	Diff (Node → rcl): 3067456	Diff (Publisher → rcl): -15680
Node: 105553811612368	Publisher: 105553814695328	rcl_publisher_t: 105553814679648	Diff (Node → rcl): 3067280	Diff (Publisher → rcl): -15680
Node: 101446385267408	Publisher: 101446388350352	rcl_publisher_t: 101446388334672	Diff (Node → rcl): 3067264	Diff (Publisher → rcl): -15680
Node: 106645789049552	Publisher: 106645792132512	rcl_publisher_t: 106645792116832	Diff (Node → rcl): 3067280	Diff (Publisher → rcl): -15680
Node: 99283055035088	Publisher: 99283058118032	rcl_publisher_t: 99283058102352	Diff (Node → rcl): 3067264	Diff (Publisher → rcl): -15680
Node: 101396103508688	Publisher: 101396106591648	rcl_publisher_t: 101396106575968	Diff (Node → rcl): 3067280	Diff (Publisher → rcl): -15680
Node: 98961508704976	Publisher: 98961511787936	rcl_publisher_t: 98961511772256	Diff (Node → rcl): 3067280	Diff (Publisher → rcl): -15680
Node: 109112281383632	Publisher: 109112284466576	rcl_publisher_t: 109112284450896	Diff (Node → rcl): 3067264	Diff (Publisher → rcl): -15680
Node: 101421184606928	Publisher: 101421187690048	rcl_publisher_t: 101421187674416	Diff (Node → rcl): 3067488	Diff (Publisher → rcl): -15632
Node: 101003527598800	Publisher: 101003530681872	rcl_publisher_t: 101003530666192	Diff (Node → rcl): 3067392	Diff (Publisher → rcl): -15680
Node: 96582379332304	Publisher: 96582382415248	rcl_publisher_t: 96582382399568	Diff (Node → rcl): 3067264	Diff (Publisher → rcl): -15680
Node: 104642522432208	Publisher: 104642525515168	rcl_publisher_t: 104642525499488	Diff (Node → rcl): 3067280	Diff (Publisher → rcl): -15680
Node: 95636271280848	Publisher: 95636274363824	rcl_publisher_t: 95636274348144	Diff (Node → rcl): 3067296	Diff (Publisher → rcl): -15680
Node: 107531867890384	Publisher: 107531870973424	rcl_publisher_t: 107531870957744	Diff (Node → rcl): 3067360	Diff (Publisher → rcl): -15680
Node: 96135719879376	Publisher: 96135722962320	rcl_publisher_t: 96135722946640	Diff (Node → rcl): 3067264	Diff (Publisher → rcl): -15680
Node: 108323703235280	Publisher: 108323706318224	rcl_publisher_t: 108323706302624	Diff (Node → rcl): 3067344	Diff (Publisher → rcl): -15600
Node: 104839518511824	Publisher: 104839521594752	rcl_publisher_t: 104839521579152	Diff (Node → rcl): 3067328	Diff (Publisher → rcl): -15600
Node: 101312619946704	Publisher: 101312623029648	rcl_publisher_t: 101312623013968	Diff (Node → rcl): 3067264	Diff (Publisher → rcl): -15680
Node: 108822169912016	Publisher: 108822172994896	rcl_publisher_t: 108822172979216	Diff (Node → rcl): 3067200	Diff (Publisher → rcl): -15680
Node: 96743782867664	Publisher: 96743785950608	rcl_publisher_t: 96743785934928	Diff (Node → rcl): 3067264	Diff (Publisher → rcl): -15680
Node: 105661197296336	Publisher: 105661200379408	rcl_publisher_t: 105661200363728	Diff (Node → rcl): 3067392	Diff (Publisher → rcl): -15680
Node: 103373314089680	Publisher: 103373317172656	rcl_publisher_t: 103373317156976	Diff (Node → rcl): 3067296	Diff (Publisher → rcl): -15680
Node: 105144324739792	Publisher: 105144327822800	rcl_publisher_t: 105144327807120	Diff (Node → rcl): 3067328	Diff (Publisher → rcl): -15680
Node: 97367392826064	Publisher: 97367395909008	rcl_publisher_t: 97367395893328	Diff (Node → rcl): 3067264	Diff (Publisher → rcl): -15680
Node: 106463007998672	Publisher: 106463011081728	rcl_publisher_t: 106463011066048	Diff (Node → rcl): 3067376	Diff (Publisher → rcl): -15680
Node: 101295455576784	Publisher: 101295458659856	rcl_publisher_t: 101295458644176	Diff (Node → rcl): 3067392	Diff (Publisher → rcl): -15680
Node: 108448878023376	Publisher: 108448881106368	rcl_publisher_t: 108448881090688	Diff (Node → rcl): 3067312	Diff (Publisher → rcl): -15680
Node: 106828771959504	Publisher: 106828775042464	rcl_publisher_t: 106828775026784	Diff (Node → rcl): 3067280	Diff (Publisher → rcl): -15680
Node: 105220310889168	Publisher: 105220313972112	rcl_publisher_t: 105220313956512	Diff (Node → rcl): 3067344	Diff (Publisher → rcl): -15600
Node: 108027363168976	Publisher: 108027366251920	rcl_publisher_t: 108027366236240	Diff (Node → rcl): 3067264	Diff (Publisher → rcl): -15680
Node: 95332177470160	Publisher: 95332180553104	rcl_publisher_t: 95332180537424	Diff (Node → rcl): 3067264	Diff (Publisher → rcl): -15680
Node: 99681814053584	Publisher: 99681817136544	rcl_publisher_t: 99681817120864	Diff (Node → rcl): 3067280	Diff (Publisher → rcl): -15680
Node: 94310386873040	Publisher: 94310389956000	rcl_publisher_t: 94310389940320	Diff (Node → rcl): 3067280	Diff (Publisher → rcl): -15680
Node: 98645802271440	Publisher: 98645805354384	rcl_publisher_t: 98645805338704	Diff (Node → rcl): 3067264	Diff (Publisher → rcl): -15680
Node: 109077216858832	Publisher: 109077219941792	rcl_publisher_t: 109077219926112	Diff (Node → rcl): 3067280	Diff (Publisher → rcl): -15680
Node: 97268663493328	Publisher: 97268666576288	rcl_publisher_t: 97268666560608	Diff (Node → rcl): 3067280	Diff (Publisher → rcl): -15680
Node: 107122317370064	Publisher: 107122320453056	rcl_publisher_t: 107122320437376	Diff (Node → rcl): 3067312	Diff (Publisher → rcl): -15680
Node: 94115954660048	Publisher: 94115957742928	rcl_publisher_t: 94115957727248	Diff (Node → rcl): 3067200	Diff (Publisher → rcl): -15680
Node: 93903900545744	Publisher: 93903903628688	rcl_publisher_t: 93903903613008	Diff (Node → rcl): 3067264	Diff (Publisher → rcl): -15680
Node: 104927803638480	Publisher: 104927806721424	rcl_publisher_t: 104927806705744	Diff (Node → rcl): 3067264	Diff (Publisher → rcl): -15680
Node: 99923381568208	Publisher: 99923384651136	rcl_publisher_t: 99923384635456	Diff (Node → rcl): 3067248	Diff (Publisher → rcl): -15680
Node: 107979770168016	Publisher: 107979773250976	rcl_publisher_t: 107979773235296	Diff (Node → rcl): 3067280	Diff (Publisher → rcl): -15680
Node: 102106886210256	Publisher: 102106889293296	rcl_publisher_t: 102106889277616	Diff (Node → rcl): 3067360	Diff (Publisher → rcl): -15680
Node: 96535276790480	Publisher: 96535279873424	rcl_publisher_t: 96535279857744	Diff (Node → rcl): 3067264	Diff (Publisher → rcl): -15680
Node: 105191773250256	Publisher: 105191776333200	rcl_publisher_t: 105191776317520	Diff (Node → rcl): 3067264	Diff (Publisher → rcl): -15680
Node: 102148446941904	Publisher: 102148450024848	rcl_publisher_t: 102148450009168	Diff (Node → rcl): 3067264	Diff (Publisher → rcl): -15680
Node: 108409969705680	Publisher: 108409972788672	rcl_publisher_t: 108409972772992	Diff (Node → rcl): 3067312	Diff (Publisher → rcl): -15680
Node: 101152764162768	Publisher: 101152767245744	rcl_publisher_t: 101152767230064	Diff (Node → rcl): 3067296	Diff (Publisher → rcl): -15680
Node: 97075417764560	Publisher: 97075420847488	rcl_publisher_t: 97075420831808	Diff (Node → rcl): 3067248	Diff (Publisher → rcl): -15680
Node: 110929893216976	Publisher: 110929896300064	rcl_publisher_t: 110929896284384	Diff (Node → rcl): 3067408	Diff (Publisher → rcl): -15680
Node: 108429625881296	Publisher: 108429628964144	rcl_publisher_t: 108429628948464	Diff (Node → rcl): 3067168	Diff (Publisher → rcl): -15680
Node: 98768369959632	Publisher: 98768373042576	rcl_publisher_t: 98768373026896	Diff (Node → rcl): 3067264	Diff (Publisher → rcl): -15680
Node: 94370436817616	Publisher: 94370439900464	rcl_publisher_t: 94370439884784	Diff (Node → rcl): 3067168	Diff (Publisher → rcl): -15680
Node: 105726491022032	Publisher: 105726494105264	rcl_publisher_t: 105726494089584	Diff (Node → rcl): 3067552	Diff (Publisher → rcl): -15680
Node: 104137124471504	Publisher: 104137127554384	rcl_publisher_t: 104137127538704	Diff (Node → rcl): 3067200	Diff (Publisher → rcl): -15680
Node: 109239296221904	Publisher: 109239299304832	rcl_publisher_t: 109239299289152	Diff (Node → rcl): 3067248	Diff (Publisher → rcl): -15680
Node: 109231538750160	Publisher: 109231541833200	rcl_publisher_t: 109231541817520	Diff (Node → rcl): 3067360	Diff (Publisher → rcl): -15680
Node: 108039155434192	Publisher: 108039158517136	rcl_publisher_t: 108039158501456	Diff (Node → rcl): 3067264	Diff (Publisher → rcl): -15680
Node: 98348783608528	Publisher: 98348786691648	rcl_publisher_t: 98348786675968	Diff (Node → rcl): 3067440	Diff (Publisher → rcl): -15680
Node: 101863053427408	Publisher: 101863056510400	rcl_publisher_t: 101863056494720	Diff (Node → rcl): 3067312	Diff (Publisher → rcl): -15680
Node: 104196578759376	Publisher: 104196581842272	rcl_publisher_t: 104196581826592	Diff (Node → rcl): 3067216	Diff (Publisher → rcl): -15680
Node: 106621722399440	Publisher: 106621725482368	rcl_publisher_t: 106621725466688	Diff (Node → rcl): 3067248	Diff (Publisher → rcl): -15680
Node: 96244811915984	Publisher: 96244814998944	rcl_publisher_t: 96244814983264	Diff (Node → rcl): 3067280	Diff (Publisher → rcl): -15680
Node: 108097322476240	Publisher: 108097325559120	rcl_publisher_t: 108097325543440	Diff (Node → rcl): 3067200	Diff (Publisher → rcl): -15680
Node: 110772823478992	Publisher: 110772826561936	rcl_publisher_t: 110772826546256	Diff (Node → rcl): 3067264	Diff (Publisher → rcl): -15680
Node: 103717785780944	Publisher: 103717788863920	rcl_publisher_t: 103717788848240	Diff (Node → rcl): 3067296	Diff (Publisher → rcl): -15680
Node: 110279743365840	Publisher: 110279746448752	rcl_publisher_t: 110279746433152	Diff (Node → rcl): 3067312	Diff (Publisher → rcl): -15600
Node: 106147732128464	Publisher: 106147735211392	rcl_publisher_t: 106147735195712	Diff (Node → rcl): 3067248	Diff (Publisher → rcl): -15680
Node: 96712834581200	Publisher: 96712837664144	rcl_publisher_t: 96712837648464	Diff (Node → rcl): 3067264	Diff (Publisher → rcl): -15680
Node: 100100454806224	Publisher: 100100457889184	rcl_publisher_t: 100100457873504	Diff (Node → rcl): 3067280	Diff (Publisher → rcl): -15680
Node: 108657124172496	Publisher: 108657127255456	rcl_publisher_t: 108657127239776	Diff (Node → rcl): 3067280	Diff (Publisher → rcl): -15680
Node: 101416340071120	Publisher: 101416343154080	rcl_publisher_t: 101416343138400	Diff (Node → rcl): 3067280	Diff (Publisher → rcl): -15680
Node: 96420043948752	Publisher: 96420047031728	rcl_publisher_t: 96420047016128	Diff (Node → rcl): 3067376	Diff (Publisher → rcl): -15600
Node: 108234711691984	Publisher: 108234714774944	rcl_publisher_t: 108234714759264	Diff (Node → rcl): 3067280	Diff (Publisher → rcl): -15680
Node: 104316638274256	Publisher: 104316641357200	rcl_publisher_t: 104316641341520	Diff (Node → rcl): 3067264	Diff (Publisher → rcl): -15680
Node: 107946315395792	Publisher: 107946318478736	rcl_publisher_t: 107946318463056	Diff (Node → rcl): 3067264	Diff (Publisher → rcl): -15680
Node: 102051788124880	Publisher: 102051791207840	rcl_publisher_t: 102051791192160	Diff (Node → rcl): 3067280	Diff (Publisher → rcl): -15680
Node: 102772949115600	Publisher: 102772952198544	rcl_publisher_t: 102772952182864	Diff (Node → rcl): 3067264	Diff (Publisher → rcl): -15680
Node: 105776300892880	Publisher: 105776303975824	rcl_publisher_t: 105776303960144	Diff (Node → rcl): 3067264	Diff (Publisher → rcl): -15680
Node: 100878575747792	Publisher: 100878578830880	rcl_publisher_t: 100878578815200	Diff (Node → rcl): 3067408	Diff (Publisher → rcl): -15680
Node: 100640817238736	Publisher: 100640820321680	rcl_publisher_t: 100640820306000	Diff (Node → rcl): 3067264	Diff (Publisher → rcl): -15680
Node: 108514237985488	Publisher: 108514241068432	rcl_publisher_t: 108514241052752	Diff (Node → rcl): 3067264	Diff (Publisher → rcl): -15680
Node: 107627929584336	Publisher: 107627932667328	rcl_publisher_t: 107627932651648	Diff (Node → rcl): 3067312	Diff (Publisher → rcl): -15680
Node: 110437079339728	Publisher: 110437082422720	rcl_publisher_t: 110437082407040	Diff (Node → rcl): 3067312	Diff (Publisher → rcl): -15680
Node: 110415313945296	Publisher: 110415317028272	rcl_publisher_t: 110415317012592	Diff (Node → rcl): 3067296	Diff (Publisher → rcl): -15680
Node: 97883368645328	Publisher: 97883371728448	rcl_publisher_t: 97883371712848	Diff (Node → rcl): 3067520	Diff (Publisher → rcl): -15600
Node: 99533407679184	Publisher: 99533410762128	rcl_publisher_t: 99533410746448	Diff (Node → rcl): 3067264	Diff (Publisher → rcl): -15680
Node: 102108052648656	Publisher: 102108055731600	rcl_publisher_t: 102108055715920	Diff (Node → rcl): 3067264	Diff (Publisher → rcl): -15680
Node: 109050112885456	Publisher: 109050115968400	rcl_publisher_t: 109050115952720	Diff (Node → rcl): 3067264	Diff (Publisher → rcl): -15680
Node: 109896270127824	Publisher: 109896273210784	rcl_publisher_t: 109896273195104	Diff (Node → rcl): 3067280	Diff (Publisher → rcl): -15680
Node: 98007497650896	Publisher: 98007500733824	rcl_publisher_t: 98007500718144	Diff (Node → rcl): 3067248	Diff (Publisher → rcl): -15680
Node: 111238593270480	Publisher: 111238596353424	rcl_publisher_t: 111238596337744	Diff (Node → rcl): 3067264	Diff (Publisher → rcl): -15680
Node: 111093400662736	Publisher: 111093403745696	rcl_publisher_t: 111093403730016	Diff (Node → rcl): 3067280	Diff (Publisher → rcl): -15680
Node: 96353501573840	Publisher: 96353504656736	rcl_publisher_t: 96353504641056	Diff (Node → rcl): 3067216	Diff (Publisher → rcl): -15680
Node: 99918633165520	Publisher: 99918636248464	rcl_publisher_t: 99918636232784	Diff (Node → rcl): 3067264	Diff (Publisher → rcl): -15680
Node: 105947918807760	Publisher: 105947921890704	rcl_publisher_t: 105947921875104	Diff (Node → rcl): 3067344	Diff (Publisher → rcl): -15600
Node: 110502681268944	Publisher: 110502684351888	rcl_publisher_t: 110502684336208	Diff (Node → rcl): 3067264	Diff (Publisher → rcl): -15680
Node: 109388633461456	Publisher: 109388636544400	rcl_publisher_t: 109388636528720	Diff (Node → rcl): 3067264	Diff (Publisher → rcl): -15680
Node: 100696514159312	Publisher: 100696517242256	rcl_publisher_t: 100696517226576	Diff (Node → rcl): 3067264	Diff (Publisher → rcl): -15680
Node: 99236284596944	Publisher: 99236287679888	rcl_publisher_t: 99236287664208	Diff (Node → rcl): 3067264	Diff (Publisher → rcl): -15680
Node: 110582537421520	Publisher: 110582540504992	rcl_publisher_t: 110582540489312	Diff (Node → rcl): 3067792	Diff (Publisher → rcl): -15680
Node: 98718264976080	Publisher: 98718268059024	rcl_publisher_t: 98718268043344	Diff (Node → rcl): 3067264	Diff (Publisher → rcl): -15680
Node: 105911443849936	Publisher: 105911446932912	rcl_publisher_t: 105911446917232	Diff (Node → rcl): 3067296	Diff (Publisher → rcl): -15680
Node: 94618632524496	Publisher: 94618635607440	rcl_publisher_t: 94618635591760	Diff (Node → rcl): 3067264	Diff (Publisher → rcl): -15680
Node: 101619480597200	Publisher: 101619483680224	rcl_publisher_t: 101619483664624	Diff (Node → rcl): 3067424	Diff (Publisher → rcl): -15600
Node: 108444707050192	Publisher: 108444710133136	rcl_publisher_t: 108444710117456	Diff (Node → rcl): 3067264	Diff (Publisher → rcl): -15680
Node: 100258573566672	Publisher: 100258576649616	rcl_publisher_t: 100258576633936	Diff (Node → rcl): 3067264	Diff (Publisher → rcl): -15680
Node: 96625193300688	Publisher: 96625196383632	rcl_publisher_t: 96625196367952	Diff (Node → rcl): 3067264	Diff (Publisher → rcl): -15680
Node: 108623077827280	Publisher: 108623080910400	rcl_publisher_t: 108623080894720	Diff (Node → rcl): 3067440	Diff (Publisher → rcl): -15680
Node: 98840539476688	Publisher: 98840542559664	rcl_publisher_t: 98840542543984	Diff (Node → rcl): 3067296	Diff (Publisher → rcl): -15680
Node: 110617546863312	Publisher: 110617549946272	rcl_publisher_t: 110617549930592	Diff (Node → rcl): 3067280	Diff (Publisher → rcl): -15680
Node: 100387723633360	Publisher: 100387726716304	rcl_publisher_t: 100387726700624	Diff (Node → rcl): 3067264	Diff (Publisher → rcl): -15680
Node: 94751423353552	Publisher: 94751426436672	rcl_publisher_t: 94751426420992	Diff (Node → rcl): 3067440	Diff (Publisher → rcl): -15680
Node: 104815782367952	Publisher: 104815785451152	rcl_publisher_t: 104815785435472	Diff (Node → rcl): 3067520	Diff (Publisher → rcl): -15680
Node: 107669655167696	Publisher: 107669658250640	rcl_publisher_t: 107669658234960	Diff (Node → rcl): 3067264	Diff (Publisher → rcl): -15680
Node: 108665422774992	Publisher: 108665425857952	rcl_publisher_t: 108665425842272	Diff (Node → rcl): 3067280	Diff (Publisher → rcl): -15680
Node: 95271594791632	Publisher: 95271597874544	rcl_publisher_t: 95271597858864	Diff (Node → rcl): 3067232	Diff (Publisher → rcl): -15680
Node: 110488052245200	Publisher: 110488055328288	rcl_publisher_t: 110488055312608	Diff (Node → rcl): 3067408	Diff (Publisher → rcl): -15680
Node: 111367858442960	Publisher: 111367861525888	rcl_publisher_t: 111367861510208	Diff (Node → rcl): 3067248	Diff (Publisher → rcl): -15680
Node: 99575847178960	Publisher: 99575850261920	rcl_publisher_t: 99575850246320	Diff (Node → rcl): 3067360	Diff (Publisher → rcl): -15600
Node: 102120732320464	Publisher: 102120735403408	rcl_publisher_t: 102120735387728	Diff (Node → rcl): 3067264	Diff (Publisher → rcl): -15680
Node: 107087762899664	Publisher: 107087765982624	rcl_publisher_t: 107087765967024	Diff (Node → rcl): 3067360	Diff (Publisher → rcl): -15600
Node: 104962615378640	Publisher: 104962618461568	rcl_publisher_t: 104962618445968	Diff (Node → rcl): 3067328	Diff (Publisher → rcl): -15600
Node: 111373034037968	Publisher: 111373037120928	rcl_publisher_t: 111373037105248	Diff (Node → rcl): 3067280	Diff (Publisher → rcl): -15680
Node: 96986275832528	Publisher: 96986278915680	rcl_publisher_t: 96986278900000	Diff (Node → rcl): 3067472	Diff (Publisher → rcl): -15680
Node: 101660724187856	Publisher: 101660727270784	rcl_publisher_t: 101660727255104	Diff (Node → rcl): 3067248	Diff (Publisher → rcl): -15680
Node: 102719143387856	Publisher: 102719146470848	rcl_publisher_t: 102719146455168	Diff (Node → rcl): 3067312	Diff (Publisher → rcl): -15680
Node: 97326715556560	Publisher: 97326718639488	rcl_publisher_t: 97326718623808	Diff (Node → rcl): 3067248	Diff (Publisher → rcl): -15680
Node: 104979594769104	Publisher: 104979597852048	rcl_publisher_t: 104979597836368	Diff (Node → rcl): 3067264	Diff (Publisher → rcl): -15680
Node: 102458747663056	Publisher: 102458750746032	rcl_publisher_t: 102458750730352	Diff (Node → rcl): 3067296	Diff (Publisher → rcl): -15680
Node: 100347153179344	Publisher: 100347156262288	rcl_publisher_t: 100347156246608	Diff (Node → rcl): 3067264	Diff (Publisher → rcl): -15680
Node: 95757873586896	Publisher: 95757876669856	rcl_publisher_t: 95757876654176	Diff (Node → rcl): 3067280	Diff (Publisher → rcl): -15680
Node: 96513736692432	Publisher: 96513739775536	rcl_publisher_t: 96513739759856	Diff (Node → rcl): 3067424	Diff (Publisher → rcl): -15680
Node: 102213124534992	Publisher: 102213127618000	rcl_publisher_t: 102213127602320	Diff (Node → rcl): 3067328	Diff (Publisher → rcl): -15680
Node: 109138051085008	Publisher: 109138054167968	rcl_publisher_t: 109138054152288	Diff (Node → rcl): 3067280	Diff (Publisher → rcl): -15680
Node: 99716417200848	Publisher: 99716420283792	rcl_publisher_t: 99716420268112	Diff (Node → rcl): 3067264	Diff (Publisher → rcl): -15680
Node: 98819396567760	Publisher: 98819399650800	rcl_publisher_t: 98819399635120	Diff (Node → rcl): 3067360	Diff (Publisher → rcl): -15680
Node: 100678984762064	Publisher: 100678987845024	rcl_publisher_t: 100678987829344	Diff (Node → rcl): 3067280	Diff (Publisher → rcl): -15680
Node: 100901005312720	Publisher: 100901008395696	rcl_publisher_t: 100901008380016	Diff (Node → rcl): 3067296	Diff (Publisher → rcl): -15680
Node: 95891900293840	Publisher: 95891903376816	rcl_publisher_t: 95891903361216	Diff (Node → rcl): 3067376	Diff (Publisher → rcl): -15600
Node: 97466066215632	Publisher: 97466069298576	rcl_publisher_t: 97466069282896	Diff (Node → rcl): 3067264	Diff (Publisher → rcl): -15680
Node: 106742231773904	Publisher: 106742234856848	rcl_publisher_t: 106742234841168	Diff (Node → rcl): 3067264	Diff (Publisher → rcl): -15680
Node: 106941735793360	Publisher: 106941738876320	rcl_publisher_t: 106941738860640	Diff (Node → rcl): 3067280	Diff (Publisher → rcl): -15680
Node: 101882750198480	Publisher: 101882753281440	rcl_publisher_t: 101882753265760	Diff (Node → rcl): 3067280	Diff (Publisher → rcl): -15680
Node: 98180792644304	Publisher: 98180795727264	rcl_publisher_t: 98180795711584	Diff (Node → rcl): 3067280	Diff (Publisher → rcl): -15680
Node: 94325662675664	Publisher: 94325665758656	rcl_publisher_t: 94325665742976	Diff (Node → rcl): 3067312	Diff (Publisher → rcl): -15680
Node: 106192233394896	Publisher: 106192236477728	rcl_publisher_t: 106192236462128	Diff (Node → rcl): 3067232	Diff (Publisher → rcl): -15600
Node: 96572009091792	Publisher: 96572012174736	rcl_publisher_t: 96572012159056	Diff (Node → rcl): 3067264	Diff (Publisher → rcl): -15680
Node: 105780406485712	Publisher: 105780409569184	rcl_publisher_t: 105780409553504	Diff (Node → rcl): 3067792	Diff (Publisher → rcl): -15680
Node: 108975084352208	Publisher: 108975087435168	rcl_publisher_t: 108975087419488	Diff (Node → rcl): 3067280	Diff (Publisher → rcl): -15680
Node: 109301443777232	Publisher: 109301446860176	rcl_publisher_t: 109301446844496	Diff (Node → rcl): 3067264	Diff (Publisher → rcl): -15680
Node: 104855921853136	Publisher: 104855924936128	rcl_publisher_t: 104855924920448	Diff (Node → rcl): 3067312	Diff (Publisher → rcl): -15680
Node: 106510152651472	Publisher: 106510155734432	rcl_publisher_t: 106510155718752	Diff (Node → rcl): 3067280	Diff (Publisher → rcl): -15680
Node: 108886602777296	Publisher: 108886605860272	rcl_publisher_t: 108886605844592	Diff (Node → rcl): 3067296	Diff (Publisher → rcl): -15680
Node: 110124766143184	Publisher: 110124769226144	rcl_publisher_t: 110124769210464	Diff (Node → rcl): 3067280	Diff (Publisher → rcl): -15680
Node: 97378292237008	Publisher: 97378295319968	rcl_publisher_t: 97378295304288	Diff (Node → rcl): 3067280	Diff (Publisher → rcl): -15680
Node: 99326962410192	Publisher: 99326965493136	rcl_publisher_t: 99326965477456	Diff (Node → rcl): 3067264	Diff (Publisher → rcl): -15680
Node: 110370220516048	Publisher: 110370223599008	rcl_publisher_t: 110370223583328	Diff (Node → rcl): 3067280	Diff (Publisher → rcl): -15680
Node: 108786802672336	Publisher: 108786805755488	rcl_publisher_t: 108786805739808	Diff (Node → rcl): 3067472	Diff (Publisher → rcl): -15680
Node: 105801532637904	Publisher: 105801535720848	rcl_publisher_t: 105801535705168	Diff (Node → rcl): 3067264	Diff (Publisher → rcl): -15680
Node: 105911185408720	Publisher: 105911188491760	rcl_publisher_t: 105911188476080	Diff (Node → rcl): 3067360	Diff (Publisher → rcl): -15680
Node: 98076717986512	Publisher: 98076721069472	rcl_publisher_t: 98076721053792	Diff (Node → rcl): 3067280	Diff (Publisher → rcl): -15680
Node: 97715775025872	Publisher: 97715778108800	rcl_publisher_t: 97715778093120	Diff (Node → rcl): 3067248	Diff (Publisher → rcl): -15680
Node: 98306645574352	Publisher: 98306648657440	rcl_publisher_t: 98306648641760	Diff (Node → rcl): 3067408	Diff (Publisher → rcl): -15680
Node: 109661429379792	Publisher: 109661432462736	rcl_publisher_t: 109661432447056	Diff (Node → rcl): 3067264	Diff (Publisher → rcl): -15680
Node: 106127806444240	Publisher: 106127809527184	rcl_publisher_t: 106127809511504	Diff (Node → rcl): 3067264	Diff (Publisher → rcl): -15680
Node: 104370172179152	Publisher: 104370175262096	rcl_publisher_t: 104370175246416	Diff (Node → rcl): 3067264	Diff (Publisher → rcl): -15680
Node: 108338214544080	Publisher: 108338217626992	rcl_publisher_t: 108338217611312	Diff (Node → rcl): 3067232	Diff (Publisher → rcl): -15680
Node: 104177780089552	Publisher: 104177783172496	rcl_publisher_t: 104177783156816	Diff (Node → rcl): 3067264	Diff (Publisher → rcl): -15680
Node: 100677417509584	Publisher: 100677420592528	rcl_publisher_t: 100677420576848	Diff (Node → rcl): 3067264	Diff (Publisher → rcl): -15680
Node: 109044772766416	Publisher: 109044775849296	rcl_publisher_t: 109044775833616	Diff (Node → rcl): 3067200	Diff (Publisher → rcl): -15680
Node: 109727024452304	Publisher: 109727027535232	rcl_publisher_t: 109727027519552	Diff (Node → rcl): 3067248	Diff (Publisher → rcl): -15680
Node: 99169310397136	Publisher: 99169313480080	rcl_publisher_t: 99169313464400	Diff (Node → rcl): 3067264	Diff (Publisher → rcl): -15680
Node: 105647240327888	Publisher: 105647243410752	rcl_publisher_t: 105647243395072	Diff (Node → rcl): 3067184	Diff (Publisher → rcl): -15680
Node: 107344543593168	Publisher: 107344546676048	rcl_publisher_t: 107344546660368	Diff (Node → rcl): 3067200	Diff (Publisher → rcl): -15680
Node: 110155284554448	Publisher: 110155287637472	rcl_publisher_t: 110155287621792	Diff (Node → rcl): 3067344	Diff (Publisher → rcl): -15680
Node: 108359624798928	Publisher: 108359627881856	rcl_publisher_t: 108359627866176	Diff (Node → rcl): 3067248	Diff (Publisher → rcl): -15680
Node: 103069249331920	Publisher: 103069252414880	rcl_publisher_t: 103069252399200	Diff (Node → rcl): 3067280	Diff (Publisher → rcl): -15680
Node: 96527351354064	Publisher: 96527354437008	rcl_publisher_t: 96527354421408	Diff (Node → rcl): 3067344	Diff (Publisher → rcl): -15600
Node: 97992539583184	Publisher: 97992542666272	rcl_publisher_t: 97992542650672	Diff (Node → rcl): 3067488	Diff (Publisher → rcl): -15600
Node: 102596856877776	Publisher: 102596859960720	rcl_publisher_t: 102596859945040	Diff (Node → rcl): 3067264	Diff (Publisher → rcl): -15680
Node: 104354238915280	Publisher: 104354241998224	rcl_publisher_t: 104354241982544	Diff (Node → rcl): 3067264	Diff (Publisher → rcl): -15680
Node: 96407375373008	Publisher: 96407378455920	rcl_publisher_t: 96407378440240	Diff (Node → rcl): 3067232	Diff (Publisher → rcl): -15680
Node: 96798391575248	Publisher: 96798394658192	rcl_publisher_t: 96798394642512	Diff (Node → rcl): 3067264	Diff (Publisher → rcl): -15680
Node: 99383948722896	Publisher: 99383951805840	rcl_publisher_t: 99383951790160	Diff (Node → rcl): 3067264	Diff (Publisher → rcl): -15680
Node: 106273941250768	Publisher: 106273944333712	rcl_publisher_t: 106273944318032	Diff (Node → rcl): 3067264	Diff (Publisher → rcl): -15680
Node: 108723804386000	Publisher: 108723807468992	rcl_publisher_t: 108723807453312	Diff (Node → rcl): 3067312	Diff (Publisher → rcl): -15680
Publisher #0 object ptr: 94438260205152	Publisher #0 rcl_handle: 94438260189440	Diff (Publisher → rcl): -15712
Publisher #1 object ptr: 94438260239888	Publisher #1 rcl_handle: 94438260240640	Diff (Publisher → rcl): 752
Publisher #2 object ptr: 94438260260480	Publisher #2 rcl_handle: 94438260243696	Diff (Publisher → rcl): -16784
Publisher #0 object ptr: 94067366475296	Publisher #0 rcl_handle: 94067366459584	Diff (Publisher → rcl): -15712
Publisher #1 object ptr: 94067366510032	Publisher #1 rcl_handle: 94067366510784	Diff (Publisher → rcl): 752
Publisher #2 object ptr: 94067366530624	Publisher #2 rcl_handle: 94067366513840	Diff (Publisher → rcl): -16784
Publisher #0 object ptr: 93938560742432	Publisher #0 rcl_handle: 93938560726720	Diff (Publisher → rcl): -15712
Publisher #1 object ptr: 93938560777344	Publisher #1 rcl_handle: 93938560778096	Diff (Publisher → rcl): 752
Publisher #2 object ptr: 93938560797936	Publisher #2 rcl_handle: 93938560781152	Diff (Publisher → rcl): -16784
Publisher #0 object ptr: 101079554298992	Publisher #0 rcl_handle: 101079554283360	Diff (Publisher → rcl): -15632
Publisher #1 object ptr: 101079554333824	Publisher #1 rcl_handle: 101079554334640	Diff (Publisher → rcl): 816
Publisher #2 object ptr: 101079554354432	Publisher #2 rcl_handle: 101079554337648	Diff (Publisher → rcl): -16784
Publisher #0 object ptr: 101060435318448	Publisher #0 rcl_handle: 101060435302736	Diff (Publisher → rcl): -15712
Publisher #1 object ptr: 101060435353024	Publisher #1 rcl_handle: 101060435353840	Diff (Publisher → rcl): 816
Publisher #2 object ptr: 101060435373680	Publisher #2 rcl_handle: 101060435356896	Diff (Publisher → rcl): -16784
Publisher #0 object ptr: 97811567416928	Publisher #0 rcl_handle: 97811567401216	Diff (Publisher → rcl): -15712
Publisher #1 object ptr: 97811567451664	Publisher #1 rcl_handle: 97811567452416	Diff (Publisher → rcl): 752
Publisher #2 object ptr: 97811567472256	Publisher #2 rcl_handle: 97811567455472	Diff (Publisher → rcl): -16784
Publisher #0 object ptr: 94714341697120	Publisher #0 rcl_handle: 94714341681408	Diff (Publisher → rcl): -15712
Publisher #1 object ptr: 94714341731776	Publisher #1 rcl_handle: 94714341732592	Diff (Publisher → rcl): 816
Publisher #2 object ptr: 94714341752432	Publisher #2 rcl_handle: 94714341735648	Diff (Publisher → rcl): -16784
Publisher #0 object ptr: 109690523342432	Publisher #0 rcl_handle: 109690523326720	Diff (Publisher → rcl): -15712
Publisher #1 object ptr: 109690523377168	Publisher #1 rcl_handle: 109690523377920	Diff (Publisher → rcl): 752
Publisher #2 object ptr: 109690523397760	Publisher #2 rcl_handle: 109690523380976	Diff (Publisher → rcl): -16784
Publisher #0 object ptr: 97169961215072	Publisher #0 rcl_handle: 97169961199440	Diff (Publisher → rcl): -15632
Publisher #1 object ptr: 97169961249904	Publisher #1 rcl_handle: 97169961250720	Diff (Publisher → rcl): 816
Publisher #2 object ptr: 97169961270560	Publisher #2 rcl_handle: 97169961253776	Diff (Publisher → rcl): -16784
Publisher #0 object ptr: 110799656355552	Publisher #0 rcl_handle: 110799656339840	Diff (Publisher → rcl): -15712
Publisher #1 object ptr: 110799656390288	Publisher #1 rcl_handle: 110799656391040	Diff (Publisher → rcl): 752
Publisher #2 object ptr: 110799656410880	Publisher #2 rcl_handle: 110799656394096	Diff (Publisher → rcl): -16784
Publisher #0 object ptr: 107736144525040	Publisher #0 rcl_handle: 107736144509328	Diff (Publisher → rcl): -15712
Publisher #1 object ptr: 107736144559696	Publisher #1 rcl_handle: 107736144560512	Diff (Publisher → rcl): 816
Publisher #2 object ptr: 107736144580352	Publisher #2 rcl_handle: 107736144563568	Diff (Publisher → rcl): -16784
Publisher #0 object ptr: 108126271014624	Publisher #0 rcl_handle: 108126270998912	Diff (Publisher → rcl): -15712
Publisher #1 object ptr: 108126271049280	Publisher #1 rcl_handle: 108126271050096	Diff (Publisher → rcl): 816
Publisher #2 object ptr: 108126271069936	Publisher #2 rcl_handle: 108126271053152	Diff (Publisher → rcl): -16784
Publisher #0 object ptr: 103173147641440	Publisher #0 rcl_handle: 103173147625728	Diff (Publisher → rcl): -15712
Publisher #1 object ptr: 103173147676176	Publisher #1 rcl_handle: 103173147676992	Diff (Publisher → rcl): 816
Publisher #2 object ptr: 103173147696752	Publisher #2 rcl_handle: 103173147679968	Diff (Publisher → rcl): -16784
Publisher #0 object ptr: 101447696152192	Publisher #0 rcl_handle: 101447696136480	Diff (Publisher → rcl): -15712
Publisher #1 object ptr: 101447696186928	Publisher #1 rcl_handle: 101447696187744	Diff (Publisher → rcl): 816
Publisher #2 object ptr: 101447696207504	Publisher #2 rcl_handle: 101447696190720	Diff (Publisher → rcl): -16784
Publisher #0 object ptr: 96316824052800	Publisher #0 rcl_handle: 96316824037088	Diff (Publisher → rcl): -15712
Publisher #1 object ptr: 96316824087712	Publisher #1 rcl_handle: 96316824088528	Diff (Publisher → rcl): 816
Publisher #2 object ptr: 96316824108368	Publisher #2 rcl_handle: 96316824091584	Diff (Publisher → rcl): -16784
Publisher #0 object ptr: 103319593673792	Publisher #0 rcl_handle: 103319593658160	Diff (Publisher → rcl): -15632
Publisher #1 object ptr: 103319593708704	Publisher #1 rcl_handle: 103319593709520	Diff (Publisher → rcl): 816
Publisher #2 object ptr: 103319593729360	Publisher #2 rcl_handle: 103319593712576	Diff (Publisher → rcl): -16784
Publisher #0 object ptr: 106900244886560	Publisher #0 rcl_handle: 106900244870848	Diff (Publisher → rcl): -15712
Publisher #1 object ptr: 106900244921472	Publisher #1 rcl_handle: 106900244922288	Diff (Publisher → rcl): 816
Publisher #2 object ptr: 106900244942128	Publisher #2 rcl_handle: 106900244925344	Diff (Publisher → rcl): -16784
Publisher #0 object ptr: 110747110618720	Publisher #0 rcl_handle: 110747110603008	Diff (Publisher → rcl): -15712
Publisher #1 object ptr: 110747110653456	Publisher #1 rcl_handle: 110747110654208	Diff (Publisher → rcl): 752
Publisher #2 object ptr: 110747110674048	Publisher #2 rcl_handle: 110747110657264	Diff (Publisher → rcl): -16784
Publisher #0 object ptr: 101509841298416	Publisher #0 rcl_handle: 101509841282704	Diff (Publisher → rcl): -15712
Publisher #1 object ptr: 101509841333248	Publisher #1 rcl_handle: 101509841334064	Diff (Publisher → rcl): 816
Publisher #2 object ptr: 101509841353904	Publisher #2 rcl_handle: 101509841337120	Diff (Publisher → rcl): -16784
Publisher #0 object ptr: 97901027133024	Publisher #0 rcl_handle: 97901027117312	Diff (Publisher → rcl): -15712
Publisher #1 object ptr: 97901027167760	Publisher #1 rcl_handle: 97901027168576	Diff (Publisher → rcl): 816
Publisher #2 object ptr: 97901027188336	Publisher #2 rcl_handle: 97901027171552	Diff (Publisher → rcl): -16784
Publisher #0 object ptr: 101543184696928	Publisher #0 rcl_handle: 101543184681216	Diff (Publisher → rcl): -15712
Publisher #1 object ptr: 101543184731664	Publisher #1 rcl_handle: 101543184732416	Diff (Publisher → rcl): 752
Publisher #2 object ptr: 101543184752256	Publisher #2 rcl_handle: 101543184735472	Diff (Publisher → rcl): -16784
Publisher #0 object ptr: 104757911262816	Publisher #0 rcl_handle: 104757911247104	Diff (Publisher → rcl): -15712
Publisher #1 object ptr: 104757911297472	Publisher #1 rcl_handle: 104757911298288	Diff (Publisher → rcl): 816
Publisher #2 object ptr: 104757911318128	Publisher #2 rcl_handle: 104757911301344	Diff (Publisher → rcl): -16784
Publisher #0 object ptr: 103762633283168	Publisher #0 rcl_handle: 103762633267456	Diff (Publisher → rcl): -15712
Publisher #1 object ptr: 103762633317824	Publisher #1 rcl_handle: 103762633318640	Diff (Publisher → rcl): 816
Publisher #2 object ptr: 103762633338480	Publisher #2 rcl_handle: 103762633321696	Diff (Publisher → rcl): -16784
Publisher #0 object ptr: 94303848367712	Publisher #0 rcl_handle: 94303848352000	Diff (Publisher → rcl): -15712
Publisher #1 object ptr: 94303848402448	Publisher #1 rcl_handle: 94303848403200	Diff (Publisher → rcl): 752
Publisher #2 object ptr: 94303848423040	Publisher #2 rcl_handle: 94303848406256	Diff (Publisher → rcl): -16784
Publisher #0 object ptr: 95613515069024	Publisher #0 rcl_handle: 95613515053312	Diff (Publisher → rcl): -15712
Publisher #1 object ptr: 95613515103680	Publisher #1 rcl_handle: 95613515104496	Diff (Publisher → rcl): 816
Publisher #2 object ptr: 95613515124336	Publisher #2 rcl_handle: 95613515107552	Diff (Publisher → rcl): -16784
Publisher #0 object ptr: 97960282793568	Publisher #0 rcl_handle: 97960282777856	Diff (Publisher → rcl): -15712
Publisher #1 object ptr: 97960282828304	Publisher #1 rcl_handle: 97960282829120	Diff (Publisher → rcl): 816
Publisher #2 object ptr: 97960282848880	Publisher #2 rcl_handle: 97960282832096	Diff (Publisher → rcl): -16784
Publisher #0 object ptr: 104787861284384	Publisher #0 rcl_handle: 104787861268672	Diff (Publisher → rcl): -15712
Publisher #1 object ptr: 104787861319120	Publisher #1 rcl_handle: 104787861319872	Diff (Publisher → rcl): 752
Publisher #2 object ptr: 104787861339712	Publisher #2 rcl_handle: 104787861322928	Diff (Publisher → rcl): -16784
Publisher #0 object ptr: 93882213897824	Publisher #0 rcl_handle: 93882213882112	Diff (Publisher → rcl): -15712
Publisher #1 object ptr: 93882213932480	Publisher #1 rcl_handle: 93882213933296	Diff (Publisher → rcl): 816
Publisher #2 object ptr: 93882213953136	Publisher #2 rcl_handle: 93882213936352	Diff (Publisher → rcl): -16784
Publisher #0 object ptr: 95011610997776	Publisher #0 rcl_handle: 95011610982064	Diff (Publisher → rcl): -15712
Publisher #1 object ptr: 95011611032688	Publisher #1 rcl_handle: 95011611033504	Diff (Publisher → rcl): 816
Publisher #2 object ptr: 95011611053264	Publisher #2 rcl_handle: 95011611036480	Diff (Publisher → rcl): -16784
Publisher #0 object ptr: 94588717360736	Publisher #0 rcl_handle: 94588717345024	Diff (Publisher → rcl): -15712
Publisher #1 object ptr: 94588717395392	Publisher #1 rcl_handle: 94588717396208	Diff (Publisher → rcl): 816
Publisher #2 object ptr: 94588717416048	Publisher #2 rcl_handle: 94588717399264	Diff (Publisher → rcl): -16784
Publisher #0 object ptr: 103853162473056	Publisher #0 rcl_handle: 103853162457344	Diff (Publisher → rcl): -15712
Publisher #1 object ptr: 103853162507792	Publisher #1 rcl_handle: 103853162508608	Diff (Publisher → rcl): 816
Publisher #2 object ptr: 103853162528368	Publisher #2 rcl_handle: 103853162511584	Diff (Publisher → rcl): -16784
Publisher #0 object ptr: 110345202107616	Publisher #0 rcl_handle: 110345202091904	Diff (Publisher → rcl): -15712
Publisher #1 object ptr: 110345202142448	Publisher #1 rcl_handle: 110345202143264	Diff (Publisher → rcl): 816
Publisher #2 object ptr: 110345202163104	Publisher #2 rcl_handle: 110345202146320	Diff (Publisher → rcl): -16784
Publisher #0 object ptr: 102268871857760	Publisher #0 rcl_handle: 102268871842048	Diff (Publisher → rcl): -15712
Publisher #1 object ptr: 102268871892416	Publisher #1 rcl_handle: 102268871893232	Diff (Publisher → rcl): 816
Publisher #2 object ptr: 102268871913072	Publisher #2 rcl_handle: 102268871896288	Diff (Publisher → rcl): -16784
Publisher #1 object ptr: 94837038843504	Publisher #1 rcl_handle: 94837038827792	Diff (Publisher → rcl): -15712	Publisher #2 object ptr: 94837038878160	Publisher #2 rcl_handle: 94837038878944	Diff (Publisher → rcl): 784	Publisher #3 object ptr: 94837038898784	Publisher #3 rcl_handle: 94837038893792	Diff (Publisher → rcl): -4992	
Publisher #1 object ptr: 101119009449600	Publisher #1 rcl_handle: 101119009433888	Diff (Publisher → rcl): -15712	Publisher #2 object ptr: 101119009484336	Publisher #2 rcl_handle: 101119009463664	Diff (Publisher → rcl): -20672	Publisher #3 object ptr: 101119009504896	Publisher #3 rcl_handle: 101119009499904	Diff (Publisher → rcl): -4992	
Publisher #1 object ptr: 110052426147456	Publisher #1 rcl_handle: 110052426131744	Diff (Publisher → rcl): -15712	Publisher #2 object ptr: 110052426182192	Publisher #2 rcl_handle: 110052426161520	Diff (Publisher → rcl): -20672	Publisher #3 object ptr: 110052426202752	Publisher #3 rcl_handle: 110052426197760	Diff (Publisher → rcl): -4992	
Publisher #1 object ptr: 107619067106928	Publisher #1 rcl_handle: 107619067091216	Diff (Publisher → rcl): -15712	Publisher #2 object ptr: 107619067141584	Publisher #2 rcl_handle: 107619067142368	Diff (Publisher → rcl): 784	Publisher #3 object ptr: 107619067162208	Publisher #3 rcl_handle: 107619067157216	Diff (Publisher → rcl): -4992	
Publisher #1 object ptr: 110999724488320	Publisher #1 rcl_handle: 110999724472608	Diff (Publisher → rcl): -15712	Publisher #2 object ptr: 110999724523056	Publisher #2 rcl_handle: 110999724502384	Diff (Publisher → rcl): -20672	Publisher #3 object ptr: 110999724543616	Publisher #3 rcl_handle: 110999724538624	Diff (Publisher → rcl): -4992	
Publisher #1 object ptr: 103464998164128	Publisher #1 rcl_handle: 103464998148416	Diff (Publisher → rcl): -15712	Publisher #2 object ptr: 103464998198784	Publisher #2 rcl_handle: 103464998199568	Diff (Publisher → rcl): 784	Publisher #3 object ptr: 103464998219408	Publisher #3 rcl_handle: 103464998214416	Diff (Publisher → rcl): -4992	
Publisher #1 object ptr: 104029793420960	Publisher #1 rcl_handle: 104029793405248	Diff (Publisher → rcl): -15712	Publisher #2 object ptr: 104029793455616	Publisher #2 rcl_handle: 104029793456400	Diff (Publisher → rcl): 784	Publisher #3 object ptr: 104029793476240	Publisher #3 rcl_handle: 104029793471248	Diff (Publisher → rcl): -4992	
Publisher #1 object ptr: 109433953436800	Publisher #1 rcl_handle: 109433953421088	Diff (Publisher → rcl): -15712	Publisher #2 object ptr: 109433953471712	Publisher #2 rcl_handle: 109433953450864	Diff (Publisher → rcl): -20848	Publisher #3 object ptr: 109433953492272	Publisher #3 rcl_handle: 109433953487280	Diff (Publisher → rcl): -4992	
Publisher #1 object ptr: 108021980911232	Publisher #1 rcl_handle: 108021980895520	Diff (Publisher → rcl): -15712	Publisher #2 object ptr: 108021980945968	Publisher #2 rcl_handle: 108021980925296	Diff (Publisher → rcl): -20672	Publisher #3 object ptr: 108021980966528	Publisher #3 rcl_handle: 108021980961536	Diff (Publisher → rcl): -4992	
Publisher #1 object ptr: 95981824652928	Publisher #1 rcl_handle: 95981824637216	Diff (Publisher → rcl): -15712	Publisher #2 object ptr: 95981824687584	Publisher #2 rcl_handle: 95981824688368	Diff (Publisher → rcl): 784	Publisher #3 object ptr: 95981824708208	Publisher #3 rcl_handle: 95981824703216	Diff (Publisher → rcl): -4992	
Publisher #1 object ptr: 111188011112144	Publisher #1 rcl_handle: 111188011096432	Diff (Publisher → rcl): -15712	Publisher #2 object ptr: 111188011146800	Publisher #2 rcl_handle: 111188010279152	Diff (Publisher → rcl): -867648	Publisher #3 object ptr: 111188011167360	Publisher #3 rcl_handle: 111188011162368	Diff (Publisher → rcl): -4992	
Publisher #1 object ptr: 95072632997504	Publisher #1 rcl_handle: 95072632981792	Diff (Publisher → rcl): -15712	Publisher #2 object ptr: 95072633032160	Publisher #2 rcl_handle: 95072633032944	Diff (Publisher → rcl): 784	Publisher #3 object ptr: 95072633052784	Publisher #3 rcl_handle: 95072633047792	Diff (Publisher → rcl): -4992	
Publisher #1 object ptr: 96738877335168	Publisher #1 rcl_handle: 96738877319456	Diff (Publisher → rcl): -15712	Publisher #2 object ptr: 96738877369904	Publisher #2 rcl_handle: 96738877349232	Diff (Publisher → rcl): -20672	Publisher #3 object ptr: 96738877390464	Publisher #3 rcl_handle: 96738877385472	Diff (Publisher → rcl): -4992	
Publisher #1 object ptr: 99519926355584	Publisher #1 rcl_handle: 99519926339952	Diff (Publisher → rcl): -15632	Publisher #2 object ptr: 99519926390320	Publisher #2 rcl_handle: 99519926391104	Diff (Publisher → rcl): 784	Publisher #3 object ptr: 99519926410864	Publisher #3 rcl_handle: 99519926405872	Diff (Publisher → rcl): -4992	
Publisher #1 object ptr: 98588825732736	Publisher #1 rcl_handle: 98588825717024	Diff (Publisher → rcl): -15712	Publisher #2 object ptr: 98588825767472	Publisher #2 rcl_handle: 98588825746800	Diff (Publisher → rcl): -20672	Publisher #3 object ptr: 98588825788032	Publisher #3 rcl_handle: 98588825783040	Diff (Publisher → rcl): -4992	
Publisher #1 object ptr: 109222794999424	Publisher #1 rcl_handle: 109222794983712	Diff (Publisher → rcl): -15712	Publisher #2 object ptr: 109222795034080	Publisher #2 rcl_handle: 109222795034864	Diff (Publisher → rcl): 784	Publisher #3 object ptr: 109222795054704	Publisher #3 rcl_handle: 109222795049712	Diff (Publisher → rcl): -4992	
Publisher #1 object ptr: 105727238473344	Publisher #1 rcl_handle: 105727238457632	Diff (Publisher → rcl): -15712	Publisher #2 object ptr: 105727238508080	Publisher #2 rcl_handle: 105727238487408	Diff (Publisher → rcl): -20672	Publisher #3 object ptr: 105727238528640	Publisher #3 rcl_handle: 105727238523648	Diff (Publisher → rcl): -4992	
Publisher #1 object ptr: 108616820561536	Publisher #1 rcl_handle: 108616820545824	Diff (Publisher → rcl): -15712	Publisher #2 object ptr: 108616820596272	Publisher #2 rcl_handle: 108616820575600	Diff (Publisher → rcl): -20672	Publisher #3 object ptr: 108616820616832	Publisher #3 rcl_handle: 108616820611840	Diff (Publisher → rcl): -4992	
Publisher #1 object ptr: 102629453125248	Publisher #1 rcl_handle: 102629453109536	Diff (Publisher → rcl): -15712	Publisher #2 object ptr: 102629453159984	Publisher #2 rcl_handle: 102629453139312	Diff (Publisher → rcl): -20672	Publisher #3 object ptr: 102629453180544	Publisher #3 rcl_handle: 102629453175552	Diff (Publisher → rcl): -4992	
Publisher #1 object ptr: 104739647014528	Publisher #1 rcl_handle: 104739646998816	Diff (Publisher → rcl): -15712	Publisher #2 object ptr: 104739647049264	Publisher #2 rcl_handle: 104739647028592	Diff (Publisher → rcl): -20672	Publisher #3 object ptr: 104739647069824	Publisher #3 rcl_handle: 104739647064832	Diff (Publisher → rcl): -4992	
Publisher #1 object ptr: 97338371053184	Publisher #1 rcl_handle: 97338371037472	Diff (Publisher → rcl): -15712	Publisher #2 object ptr: 97338371087920	Publisher #2 rcl_handle: 97338371067248	Diff (Publisher → rcl): -20672	Publisher #3 object ptr: 97338371108480	Publisher #3 rcl_handle: 97338371103488	Diff (Publisher → rcl): -4992	
Publisher #1 object ptr: 94838192919616	Publisher #1 rcl_handle: 94838192903904	Diff (Publisher → rcl): -15712	Publisher #2 object ptr: 94838192954448	Publisher #2 rcl_handle: 94838192955232	Diff (Publisher → rcl): 784	Publisher #3 object ptr: 94838192975072	Publisher #3 rcl_handle: 94838192970080	Diff (Publisher → rcl): -4992	
Publisher #1 object ptr: 105822718006912	Publisher #1 rcl_handle: 105822717991200	Diff (Publisher → rcl): -15712	Publisher #2 object ptr: 105822718041648	Publisher #2 rcl_handle: 105822718020976	Diff (Publisher → rcl): -20672	Publisher #3 object ptr: 105822718062208	Publisher #3 rcl_handle: 105822718057216	Diff (Publisher → rcl): -4992	
Publisher #1 object ptr: 106827525809792	Publisher #1 rcl_handle: 106827525794080	Diff (Publisher → rcl): -15712	Publisher #2 object ptr: 106827525844528	Publisher #2 rcl_handle: 106827525823856	Diff (Publisher → rcl): -20672	Publisher #3 object ptr: 106827525865088	Publisher #3 rcl_handle: 106827525860096	Diff (Publisher → rcl): -4992	
Publisher #1 object ptr: 101878549841536	Publisher #1 rcl_handle: 101878549825824	Diff (Publisher → rcl): -15712	Publisher #2 object ptr: 101878549876272	Publisher #2 rcl_handle: 101878549855600	Diff (Publisher → rcl): -20672	Publisher #3 object ptr: 101878549896832	Publisher #3 rcl_handle: 101878549891840	Diff (Publisher → rcl): -4992	
Publisher #1 object ptr: 103922114586240	Publisher #1 rcl_handle: 103922114570528	Diff (Publisher → rcl): -15712	Publisher #2 object ptr: 103922114620896	Publisher #2 rcl_handle: 103922114621680	Diff (Publisher → rcl): 784	Publisher #3 object ptr: 103922114641520	Publisher #3 rcl_handle: 103922114636528	Diff (Publisher → rcl): -4992	
Publisher #1 object ptr: 104933035918400	Publisher #1 rcl_handle: 104933035902688	Diff (Publisher → rcl): -15712	Publisher #2 object ptr: 104933035953232	Publisher #2 rcl_handle: 104933035954016	Diff (Publisher → rcl): 784	Publisher #3 object ptr: 104933035973856	Publisher #3 rcl_handle: 104933035968864	Diff (Publisher → rcl): -4992	
Publisher #1 object ptr: 110292135347840	Publisher #1 rcl_handle: 110292135332128	Diff (Publisher → rcl): -15712	Publisher #2 object ptr: 110292135382496	Publisher #2 rcl_handle: 110292135383280	Diff (Publisher → rcl): 784	Publisher #3 object ptr: 110292135403120	Publisher #3 rcl_handle: 110292135398128	Diff (Publisher → rcl): -4992	
Publisher #1 object ptr: 105941272368768	Publisher #1 rcl_handle: 105941272353056	Diff (Publisher → rcl): -15712	Publisher #2 object ptr: 105941272403504	Publisher #2 rcl_handle: 105941272382832	Diff (Publisher → rcl): -20672	Publisher #3 object ptr: 105941272424064	Publisher #3 rcl_handle: 105941272419072	Diff (Publisher → rcl): -4992	
Publisher #1 object ptr: 98509067830912	Publisher #1 rcl_handle: 98509067815200	Diff (Publisher → rcl): -15712	Publisher #2 object ptr: 98509067865648	Publisher #2 rcl_handle: 98509067844976	Diff (Publisher → rcl): -20672	Publisher #3 object ptr: 98509067886208	Publisher #3 rcl_handle: 98509067881216	Diff (Publisher → rcl): -4992	
Publisher #1 object ptr: 98983597360192	Publisher #1 rcl_handle: 98983597344480	Diff (Publisher → rcl): -15712	Publisher #2 object ptr: 98983597395024	Publisher #2 rcl_handle: 98983597395808	Diff (Publisher → rcl): 784	Publisher #3 object ptr: 98983597415648	Publisher #3 rcl_handle: 98983597410656	Diff (Publisher → rcl): -4992	
Publisher #1 object ptr: 109983674746496	Publisher #1 rcl_handle: 109983674730784	Diff (Publisher → rcl): -15712	Publisher #2 object ptr: 109983674781232	Publisher #2 rcl_handle: 109983674760560	Diff (Publisher → rcl): -20672	Publisher #3 object ptr: 109983674801792	Publisher #3 rcl_handle: 109983674796800	Diff (Publisher → rcl): -4992	
Publisher #1 object ptr: 110497895331456	Publisher #1 rcl_handle: 110497895315744	Diff (Publisher → rcl): -15712	Publisher #2 object ptr: 110497895366112	Publisher #2 rcl_handle: 110497895366896	Diff (Publisher → rcl): 784	Publisher #3 object ptr: 110497895386736	Publisher #3 rcl_handle: 110497895381744	Diff (Publisher → rcl): -4992	
Publisher #1 object ptr: 105518217081920	Publisher #1 rcl_handle: 105518217066288	Diff (Publisher → rcl): -15632	Publisher #2 object ptr: 105518217116832	Publisher #2 rcl_handle: 105518217095984	Diff (Publisher → rcl): -20848	Publisher #3 object ptr: 105518217137392	Publisher #3 rcl_handle: 105518217132400	Diff (Publisher → rcl): -4992	
Publisher #1 object ptr: 106087139108480	Publisher #1 rcl_handle: 106087139092768	Diff (Publisher → rcl): -15712	Publisher #2 object ptr: 106087139143136	Publisher #2 rcl_handle: 106087139143920	Diff (Publisher → rcl): 784	Publisher #3 object ptr: 106087139163760	Publisher #3 rcl_handle: 106087139158768	Diff (Publisher → rcl): -4992	
Publisher #1 object ptr: 105717511440000	Publisher #1 rcl_handle: 105717511424288	Diff (Publisher → rcl): -15712	Publisher #2 object ptr: 105717511474736	Publisher #2 rcl_handle: 105717511454064	Diff (Publisher → rcl): -20672	Publisher #3 object ptr: 105717511495296	Publisher #3 rcl_handle: 105717511490304	Diff (Publisher → rcl): -4992	
Publisher #1 object ptr: 107978132076160	Publisher #1 rcl_handle: 107978132060448	Diff (Publisher → rcl): -15712	Publisher #2 object ptr: 107978132110896	Publisher #2 rcl_handle: 107978132090224	Diff (Publisher → rcl): -20672	Publisher #3 object ptr: 107978132131456	Publisher #3 rcl_handle: 107978132126464	Diff (Publisher → rcl): -4992	
Publisher #1 object ptr: 103581816338048	Publisher #1 rcl_handle: 103581816322336	Diff (Publisher → rcl): -15712	Publisher #2 object ptr: 103581816372784	Publisher #2 rcl_handle: 103581816352112	Diff (Publisher → rcl): -20672	Publisher #3 object ptr: 103581816393344	Publisher #3 rcl_handle: 103581816388352	Diff (Publisher → rcl): -4992	
Publisher #1 object ptr: 106583486178368	Publisher #1 rcl_handle: 106583486162656	Diff (Publisher → rcl): -15712	Publisher #2 object ptr: 106583486213280	Publisher #2 rcl_handle: 106583486192432	Diff (Publisher → rcl): -20848	Publisher #3 object ptr: 106583486233840	Publisher #3 rcl_handle: 106583486228848	Diff (Publisher → rcl): -4992	
Publisher #1 object ptr: 100754659128960	Publisher #1 rcl_handle: 100754659113248	Diff (Publisher → rcl): -15712	Publisher #2 object ptr: 100754659163696	Publisher #2 rcl_handle: 100754659143024	Diff (Publisher → rcl): -20672	Publisher #3 object ptr: 100754659184256	Publisher #3 rcl_handle: 100754659179264	Diff (Publisher → rcl): -4992	
Publisher #1 object ptr: 103404111251072	Publisher #1 rcl_handle: 103404111235360	Diff (Publisher → rcl): -15712	Publisher #2 object ptr: 103404111285808	Publisher #2 rcl_handle: 103404111265136	Diff (Publisher → rcl): -20672	Publisher #3 object ptr: 103404111306368	Publisher #3 rcl_handle: 103404111301376	Diff (Publisher → rcl): -4992	
Publisher #1 object ptr: 101286737958528	Publisher #1 rcl_handle: 101286737942816	Diff (Publisher → rcl): -15712	Publisher #2 object ptr: 101286737993264	Publisher #2 rcl_handle: 101286737972592	Diff (Publisher → rcl): -20672	Publisher #3 object ptr: 101286738013824	Publisher #3 rcl_handle: 101286738008832	Diff (Publisher → rcl): -4992	
Publisher #1 object ptr: 106212356712064	Publisher #1 rcl_handle: 106212356696352	Diff (Publisher → rcl): -15712	Publisher #2 object ptr: 106212356746720	Publisher #2 rcl_handle: 106212356747504	Diff (Publisher → rcl): 784	Publisher #3 object ptr: 106212356767344	Publisher #3 rcl_handle: 106212356762352	Diff (Publisher → rcl): -4992	
Publisher #1 object ptr: 105282683668096	Publisher #1 rcl_handle: 105282683652384	Diff (Publisher → rcl): -15712	Publisher #2 object ptr: 105282683702752	Publisher #2 rcl_handle: 105282683703536	Diff (Publisher → rcl): 784	Publisher #3 object ptr: 105282683723376	Publisher #3 rcl_handle: 105282683718384	Diff (Publisher → rcl): -4992	
Publisher #1 object ptr: 96002115061376	Publisher #1 rcl_handle: 96002115045664	Diff (Publisher → rcl): -15712	Publisher #2 object ptr: 96002115096112	Publisher #2 rcl_handle: 96002115075440	Diff (Publisher → rcl): -20672	Publisher #3 object ptr: 96002115116672	Publisher #3 rcl_handle: 96002115111680	Diff (Publisher → rcl): -4992	
Publisher #1 object ptr: 97551939937920	Publisher #1 rcl_handle: 97551939922208	Diff (Publisher → rcl): -15712	Publisher #2 object ptr: 97551939972656	Publisher #2 rcl_handle: 97551939951984	Diff (Publisher → rcl): -20672	Publisher #3 object ptr: 97551939993216	Publisher #3 rcl_handle: 97551939988224	Diff (Publisher → rcl): -4992	
Publisher #1 object ptr: 108952689661568	Publisher #1 rcl_handle: 108952689645856	Diff (Publisher → rcl): -15712	Publisher #2 object ptr: 108952689696304	Publisher #2 rcl_handle: 108952689675632	Diff (Publisher → rcl): -20672	Publisher #3 object ptr: 108952689716864	Publisher #3 rcl_handle: 108952689711872	Diff (Publisher → rcl): -4992	
Publisher #1 object ptr: 100564473685632	Publisher #1 rcl_handle: 100564473669920	Diff (Publisher → rcl): -15712	Publisher #2 object ptr: 100564473720368	Publisher #2 rcl_handle: 100564473699696	Diff (Publisher → rcl): -20672	Publisher #3 object ptr: 100564473740928	Publisher #3 rcl_handle: 100564473735936	Diff (Publisher → rcl): -4992	
Publisher #1 object ptr: 103001843299968	Publisher #1 rcl_handle: 103001843284256	Diff (Publisher → rcl): -15712	Publisher #2 object ptr: 103001843334624	Publisher #2 rcl_handle: 103001843335408	Diff (Publisher → rcl): 784	Publisher #3 object ptr: 103001843355248	Publisher #3 rcl_handle: 103001843350256	Diff (Publisher → rcl): -4992	
Publisher #1 object ptr: 104308058044064	Publisher #1 rcl_handle: 104308058028400	Diff (Publisher → rcl): -15664	Publisher #2 object ptr: 104308058078768	Publisher #2 rcl_handle: 104308058058128	Diff (Publisher → rcl): -20640	Publisher #3 object ptr: 104308058099328	Publisher #3 rcl_handle: 104308058094336	Diff (Publisher → rcl): -4992	
Publisher #1 object ptr: 106965996897920	Publisher #1 rcl_handle: 106965996882208	Diff (Publisher → rcl): -15712	Publisher #2 object ptr: 106965996932656	Publisher #2 rcl_handle: 106965996911984	Diff (Publisher → rcl): -20672	Publisher #3 object ptr: 106965996953216	Publisher #3 rcl_handle: 106965996948224	Diff (Publisher → rcl): -4992	
Publisher #1 object ptr: 102186478945424	Publisher #1 rcl_handle: 102186478929712	Diff (Publisher → rcl): -15712	Publisher #2 object ptr: 102186478980176	Publisher #2 rcl_handle: 102186478980960	Diff (Publisher → rcl): 784	Publisher #3 object ptr: 102186479000800	Publisher #3 rcl_handle: 102186478995808	Diff (Publisher → rcl): -4992	
Publisher #1 object ptr: 108450538239616	Publisher #1 rcl_handle: 108450538223904	Diff (Publisher → rcl): -15712	Publisher #2 object ptr: 108450538274352	Publisher #2 rcl_handle: 108450538253680	Diff (Publisher → rcl): -20672	Publisher #3 object ptr: 108450538294912	Publisher #3 rcl_handle: 108450538289920	Diff (Publisher → rcl): -4992	
Publisher #1 object ptr: 104884712396416	Publisher #1 rcl_handle: 104884712380704	Diff (Publisher → rcl): -15712	Publisher #2 object ptr: 104884712431152	Publisher #2 rcl_handle: 104884712410480	Diff (Publisher → rcl): -20672	Publisher #3 object ptr: 104884712451712	Publisher #3 rcl_handle: 104884712446720	Diff (Publisher → rcl): -4992	
Publisher #1 object ptr: 97862660155008	Publisher #1 rcl_handle: 97862660139296	Diff (Publisher → rcl): -15712	Publisher #2 object ptr: 97862660189664	Publisher #2 rcl_handle: 97862660190448	Diff (Publisher → rcl): 784	Publisher #3 object ptr: 97862660210288	Publisher #3 rcl_handle: 97862660205296	Diff (Publisher → rcl): -4992	
Publisher #1 object ptr: 99210492007568	Publisher #1 rcl_handle: 99210491991936	Diff (Publisher → rcl): -15632	Publisher #2 object ptr: 99210492042624	Publisher #2 rcl_handle: 99210492043408	Diff (Publisher → rcl): 784	Publisher #3 object ptr: 99210492063248	Publisher #3 rcl_handle: 99210492058256	Diff (Publisher → rcl): -4992	
Publisher #1 object ptr: 100502700693104	Publisher #1 rcl_handle: 100502700677392	Diff (Publisher → rcl): -15712	Publisher #2 object ptr: 100502700727840	Publisher #2 rcl_handle: 100502700707168	Diff (Publisher → rcl): -20672	Publisher #3 object ptr: 100502700748400	Publisher #3 rcl_handle: 100502700743408	Diff (Publisher → rcl): -4992	
Publisher #1 object ptr: 104083901134464	Publisher #1 rcl_handle: 104083901118752	Diff (Publisher → rcl): -15712	Publisher #2 object ptr: 104083901169200	Publisher #2 rcl_handle: 104083901169984	Diff (Publisher → rcl): 784	Publisher #3 object ptr: 104083901189744	Publisher #3 rcl_handle: 104083901184752	Diff (Publisher → rcl): -4992	
Publisher #1 object ptr: 99061522609792	Publisher #1 rcl_handle: 99061522594080	Diff (Publisher → rcl): -15712	Publisher #2 object ptr: 99061522644528	Publisher #2 rcl_handle: 99061522623856	Diff (Publisher → rcl): -20672	Publisher #3 object ptr: 99061522665088	Publisher #3 rcl_handle: 99061522660096	Diff (Publisher → rcl): -4992	
Publisher #1 object ptr: 107715181184640	Publisher #1 rcl_handle: 107715181168928	Diff (Publisher → rcl): -15712	Publisher #2 object ptr: 107715181219296	Publisher #2 rcl_handle: 107715181220080	Diff (Publisher → rcl): 784	Publisher #3 object ptr: 107715181239920	Publisher #3 rcl_handle: 107715181234928	Diff (Publisher → rcl): -4992	
Publisher #1 object ptr: 97618750301824	Publisher #1 rcl_handle: 97618750286112	Diff (Publisher → rcl): -15712	Publisher #2 object ptr: 97618750336560	Publisher #2 rcl_handle: 97618750315888	Diff (Publisher → rcl): -20672	Publisher #3 object ptr: 97618750357120	Publisher #3 rcl_handle: 97618750352128	Diff (Publisher → rcl): -4992	
Publisher #1 object ptr: 108791103121024	Publisher #1 rcl_handle: 108791103105312	Diff (Publisher → rcl): -15712	Publisher #2 object ptr: 108791103155760	Publisher #2 rcl_handle: 108791103156544	Diff (Publisher → rcl): 784	Publisher #3 object ptr: 108791103176304	Publisher #3 rcl_handle: 108791103171312	Diff (Publisher → rcl): -4992	
Publisher #1 object ptr: 96493524231808	Publisher #1 rcl_handle: 96493524216096	Diff (Publisher → rcl): -15712	Publisher #2 object ptr: 96493524266544	Publisher #2 rcl_handle: 96493524245872	Diff (Publisher → rcl): -20672	Publisher #3 object ptr: 96493524287104	Publisher #3 rcl_handle: 96493524282112	Diff (Publisher → rcl): -4992	
Publisher #1 object ptr: 110387790792320	Publisher #1 rcl_handle: 110387790776608	Diff (Publisher → rcl): -15712	Publisher #2 object ptr: 110387790826976	Publisher #2 rcl_handle: 110387790827760	Diff (Publisher → rcl): 784	Publisher #3 object ptr: 110387790847600	Publisher #3 rcl_handle: 110387790842608	Diff (Publisher → rcl): -4992	
Publisher #1 object ptr: 107112332265088	Publisher #1 rcl_handle: 107112332249376	Diff (Publisher → rcl): -15712	Publisher #2 object ptr: 107112332299824	Publisher #2 rcl_handle: 107112332279152	Diff (Publisher → rcl): -20672	Publisher #3 object ptr: 107112332320384	Publisher #3 rcl_handle: 107112332315392	Diff (Publisher → rcl): -4992	
Publisher #1 object ptr: 94419202057856	Publisher #1 rcl_handle: 94419202042144	Diff (Publisher → rcl): -15712	Publisher #2 object ptr: 94419202092592	Publisher #2 rcl_handle: 94419202093376	Diff (Publisher → rcl): 784	Publisher #3 object ptr: 94419202113216	Publisher #3 rcl_handle: 94419202108224	Diff (Publisher → rcl): -4992	
Publisher #1 object ptr: 109832698119728	Publisher #1 rcl_handle: 109832698104016	Diff (Publisher → rcl): -15712	Publisher #2 object ptr: 109832698154384	Publisher #2 rcl_handle: 109832698155168	Diff (Publisher → rcl): 784	Publisher #3 object ptr: 109832698175008	Publisher #3 rcl_handle: 109832698170016	Diff (Publisher → rcl): -4992	
Publisher #1 object ptr: 98697413260928	Publisher #1 rcl_handle: 98697413245216	Diff (Publisher → rcl): -15712	Publisher #2 object ptr: 98697413295584	Publisher #2 rcl_handle: 98697413296368	Diff (Publisher → rcl): 784	Publisher #3 object ptr: 98697413316208	Publisher #3 rcl_handle: 98697413311216	Diff (Publisher → rcl): -4992	
Publisher #1 object ptr: 103987240633984	Publisher #1 rcl_handle: 103987240618272	Diff (Publisher → rcl): -15712	Publisher #2 object ptr: 103987240668720	Publisher #2 rcl_handle: 103987240648048	Diff (Publisher → rcl): -20672	Publisher #3 object ptr: 103987240689280	Publisher #3 rcl_handle: 103987240684288	Diff (Publisher → rcl): -4992	
Publisher #1 object ptr: 103968631150208	Publisher #1 rcl_handle: 103968631134496	Diff (Publisher → rcl): -15712	Publisher #2 object ptr: 103968631184944	Publisher #2 rcl_handle: 103968631164272	Diff (Publisher → rcl): -20672	Publisher #3 object ptr: 103968631205504	Publisher #3 rcl_handle: 103968631200512	Diff (Publisher → rcl): -4992	
Publisher #1 object ptr: 105811491710592	Publisher #1 rcl_handle: 105811491694880	Diff (Publisher → rcl): -15712	Publisher #2 object ptr: 105811491745328	Publisher #2 rcl_handle: 105811491724656	Diff (Publisher → rcl): -20672	Publisher #3 object ptr: 105811491765888	Publisher #3 rcl_handle: 105811491760896	Diff (Publisher → rcl): -4992	
Publisher #1 object ptr: 108590378181776	Publisher #1 rcl_handle: 108590378166064	Diff (Publisher → rcl): -15712	Publisher #2 object ptr: 108590378216608	Publisher #2 rcl_handle: 108590378195760	Diff (Publisher → rcl): -20848	Publisher #3 object ptr: 108590378237168	Publisher #3 rcl_handle: 108590378232176	Diff (Publisher → rcl): -4992	
Publisher #1 object ptr: 97033180222528	Publisher #1 rcl_handle: 97033180206816	Diff (Publisher → rcl): -15712	Publisher #2 object ptr: 97033180257440	Publisher #2 rcl_handle: 97033180236592	Diff (Publisher → rcl): -20848	Publisher #3 object ptr: 97033180278000	Publisher #3 rcl_handle: 97033180273008	Diff (Publisher → rcl): -4992	
Publisher #1 object ptr: 102635591218816	Publisher #1 rcl_handle: 102635591203104	Diff (Publisher → rcl): -15712	Publisher #2 object ptr: 102635591253552	Publisher #2 rcl_handle: 102635591232880	Diff (Publisher → rcl): -20672	Publisher #3 object ptr: 102635591274112	Publisher #3 rcl_handle: 102635591269120	Diff (Publisher → rcl): -4992	
Publisher #1 object ptr: 97908230993536	Publisher #1 rcl_handle: 97908230977824	Diff (Publisher → rcl): -15712	Publisher #2 object ptr: 97908231028192	Publisher #2 rcl_handle: 97908231028976	Diff (Publisher → rcl): 784	Publisher #3 object ptr: 97908231048816	Publisher #3 rcl_handle: 97908231043824	Diff (Publisher → rcl): -4992	
Publisher #1 object ptr: 102258103936048	Publisher #1 rcl_handle: 102258103920336	Diff (Publisher → rcl): -15712	Publisher #2 object ptr: 102258103970880	Publisher #2 rcl_handle: 102258103971664	Diff (Publisher → rcl): 784	Publisher #3 object ptr: 102258103991504	Publisher #3 rcl_handle: 102258103986512	Diff (Publisher → rcl): -4992	
Publisher #1 object ptr: 99743023883840	Publisher #1 rcl_handle: 99743023868128	Diff (Publisher → rcl): -15712	Publisher #2 object ptr: 99743023918496	Publisher #2 rcl_handle: 99743023919280	Diff (Publisher → rcl): 784	Publisher #3 object ptr: 99743023939120	Publisher #3 rcl_handle: 99743023934128	Diff (Publisher → rcl): -4992	
Publisher #1 object ptr: 96499458774064	Publisher #1 rcl_handle: 96499458758352	Diff (Publisher → rcl): -15712	Publisher #2 object ptr: 96499458808976	Publisher #2 rcl_handle: 96499458788128	Diff (Publisher → rcl): -20848	Publisher #3 object ptr: 96499458829536	Publisher #3 rcl_handle: 96499458824544	Diff (Publisher → rcl): -4992	
Publisher #1 object ptr: 96454127732352	Publisher #1 rcl_handle: 96454127716640	Diff (Publisher → rcl): -15712	Publisher #2 object ptr: 96454127767008	Publisher #2 rcl_handle: 96454127767792	Diff (Publisher → rcl): 784	Publisher #3 object ptr: 96454127787632	Publisher #3 rcl_handle: 96454127782640	Diff (Publisher → rcl): -4992	
Publisher #1 object ptr: 101063077217920	Publisher #1 rcl_handle: 101063077202208	Diff (Publisher → rcl): -15712	Publisher #2 object ptr: 101063077252576	Publisher #2 rcl_handle: 101063077253360	Diff (Publisher → rcl): 784	Publisher #3 object ptr: 101063077273200	Publisher #3 rcl_handle: 101063077268208	Diff (Publisher → rcl): -4992	
Publisher #1 object ptr: 107763451295360	Publisher #1 rcl_handle: 107763451279648	Diff (Publisher → rcl): -15712	Publisher #2 object ptr: 107763451330096	Publisher #2 rcl_handle: 107763451309424	Diff (Publisher → rcl): -20672	Publisher #3 object ptr: 107763451350656	Publisher #3 rcl_handle: 107763451345664	Diff (Publisher → rcl): -4992	
Publisher #1 object ptr: 95487022937056	Publisher #1 rcl_handle: 95487022921344	Diff (Publisher → rcl): -15712	Publisher #2 object ptr: 95487022971968	Publisher #2 rcl_handle: 95487022972752	Diff (Publisher → rcl): 784	Publisher #3 object ptr: 95487022992512	Publisher #3 rcl_handle: 95487022987520	Diff (Publisher → rcl): -4992	
Publisher #1 object ptr: 108137062102656	Publisher #1 rcl_handle: 108137062086944	Diff (Publisher → rcl): -15712	Publisher #2 object ptr: 108137062137392	Publisher #2 rcl_handle: 108137062116720	Diff (Publisher → rcl): -20672	Publisher #3 object ptr: 108137062157952	Publisher #3 rcl_handle: 108137062152960	Diff (Publisher → rcl): -4992	
Publisher #1 object ptr: 94318902658688	Publisher #1 rcl_handle: 94318902643056	Diff (Publisher → rcl): -15632	Publisher #2 object ptr: 94318902693424	Publisher #2 rcl_handle: 94318902672752	Diff (Publisher → rcl): -20672	Publisher #3 object ptr: 94318902713984	Publisher #3 rcl_handle: 94318902708992	Diff (Publisher → rcl): -4992	
Publisher #1 object ptr: 111260418250368	Publisher #1 rcl_handle: 111260418234656	Diff (Publisher → rcl): -15712	Publisher #2 object ptr: 111260418285104	Publisher #2 rcl_handle: 111260418264432	Diff (Publisher → rcl): -20672	Publisher #3 object ptr: 111260418305664	Publisher #3 rcl_handle: 111260418300672	Diff (Publisher → rcl): -4992	
Publisher #1 object ptr: 94270858798720	Publisher #1 rcl_handle: 94270858783008	Diff (Publisher → rcl): -15712	Publisher #2 object ptr: 94270858833456	Publisher #2 rcl_handle: 94270858812784	Diff (Publisher → rcl): -20672	Publisher #3 object ptr: 94270858854016	Publisher #3 rcl_handle: 94270858849024	Diff (Publisher → rcl): -4992	
Publisher #1 object ptr: 102523693409920	Publisher #1 rcl_handle: 102523693394208	Diff (Publisher → rcl): -15712	Publisher #2 object ptr: 102523693444656	Publisher #2 rcl_handle: 102523693423984	Diff (Publisher → rcl): -20672	Publisher #3 object ptr: 102523693465216	Publisher #3 rcl_handle: 102523693460224	Diff (Publisher → rcl): -4992	
Publisher #1 object ptr: 104277091567232	Publisher #1 rcl_handle: 104277091551520	Diff (Publisher → rcl): -15712	Publisher #2 object ptr: 104277091601968	Publisher #2 rcl_handle: 104277091581296	Diff (Publisher → rcl): -20672	Publisher #3 object ptr: 104277091622528	Publisher #3 rcl_handle: 104277091617536	Diff (Publisher → rcl): -4992	
Publisher #1 object ptr: 97277377230464	Publisher #1 rcl_handle: 97277377214832	Diff (Publisher → rcl): -15632	Publisher #2 object ptr: 97277377265200	Publisher #2 rcl_handle: 97277377244528	Diff (Publisher → rcl): -20672	Publisher #3 object ptr: 97277377285760	Publisher #3 rcl_handle: 97277377280768	Diff (Publisher → rcl): -4992	
Publisher #1 object ptr: 106105568138864	Publisher #1 rcl_handle: 106105568123152	Diff (Publisher → rcl): -15712	Publisher #2 object ptr: 106105568173520	Publisher #2 rcl_handle: 106105568174304	Diff (Publisher → rcl): 784	Publisher #3 object ptr: 106105568194144	Publisher #3 rcl_handle: 106105568189152	Diff (Publisher → rcl): -4992	
Publisher #1 object ptr: 108102848149120	Publisher #1 rcl_handle: 108102848133408	Diff (Publisher → rcl): -15712	Publisher #2 object ptr: 108102848183776	Publisher #2 rcl_handle: 108102848184560	Diff (Publisher → rcl): 784	Publisher #3 object ptr: 108102848204400	Publisher #3 rcl_handle: 108102848199408	Diff (Publisher → rcl): -4992	
Publisher #1 object ptr: 106770361702016	Publisher #1 rcl_handle: 106770361686304	Diff (Publisher → rcl): -15712	Publisher #2 object ptr: 106770361736752	Publisher #2 rcl_handle: 106770361716080	Diff (Publisher → rcl): -20672	Publisher #3 object ptr: 106770361757312	Publisher #3 rcl_handle: 106770361752320	Diff (Publisher → rcl): -4992	
Publisher #1 object ptr: 111141655279152	Publisher #1 rcl_handle: 111141655263440	Diff (Publisher → rcl): -15712	Publisher #2 object ptr: 111141655314064	Publisher #2 rcl_handle: 111141655293216	Diff (Publisher → rcl): -20848	Publisher #3 object ptr: 111141655334624	Publisher #3 rcl_handle: 111141655329632	Diff (Publisher → rcl): -4992	
Publisher #1 object ptr: 101348748211840	Publisher #1 rcl_handle: 101348748196128	Diff (Publisher → rcl): -15712	Publisher #2 object ptr: 101348748246496	Publisher #2 rcl_handle: 101348748247280	Diff (Publisher → rcl): 784	Publisher #3 object ptr: 101348748267120	Publisher #3 rcl_handle: 101348748262128	Diff (Publisher → rcl): -4992	
Publisher #1 object ptr: 107537460106880	Publisher #1 rcl_handle: 107537460091168	Diff (Publisher → rcl): -15712	Publisher #2 object ptr: 107537460141616	Publisher #2 rcl_handle: 107537460120944	Diff (Publisher → rcl): -20672	Publisher #3 object ptr: 107537460162176	Publisher #3 rcl_handle: 107537460157184	Diff (Publisher → rcl): -4992	
Publisher #1 object ptr: 106182875854464	Publisher #1 rcl_handle: 106182875838752	Diff (Publisher → rcl): -15712	Publisher #2 object ptr: 106182875889120	Publisher #2 rcl_handle: 106182875889904	Diff (Publisher → rcl): 784	Publisher #3 object ptr: 106182875909744	Publisher #3 rcl_handle: 106182875904752	Diff (Publisher → rcl): -4992	
Publisher #1 object ptr: 101440118691456	Publisher #1 rcl_handle: 101440118675744	Diff (Publisher → rcl): -15712	Publisher #2 object ptr: 101440118726192	Publisher #2 rcl_handle: 101440118705520	Diff (Publisher → rcl): -20672	Publisher #3 object ptr: 101440118746752	Publisher #3 rcl_handle: 101440118741760	Diff (Publisher → rcl): -4992	
Publisher #1 object ptr: 101150237972096	Publisher #1 rcl_handle: 101150237956384	Diff (Publisher → rcl): -15712	Publisher #2 object ptr: 101150238006832	Publisher #2 rcl_handle: 101150238007616	Diff (Publisher → rcl): 784	Publisher #3 object ptr: 101150238027376	Publisher #3 rcl_handle: 101150238022384	Diff (Publisher → rcl): -4992	
Publisher #1 object ptr: 96731177969280	Publisher #1 rcl_handle: 96731177953568	Diff (Publisher → rcl): -15712	Publisher #2 object ptr: 96731178004016	Publisher #2 rcl_handle: 96731177983344	Diff (Publisher → rcl): -20672	Publisher #3 object ptr: 96731178024576	Publisher #3 rcl_handle: 96731178019584	Diff (Publisher → rcl): -4992	
Publisher #1 object ptr: 101619592504960	Publisher #1 rcl_handle: 101619592489248	Diff (Publisher → rcl): -15712	Publisher #2 object ptr: 101619592539696	Publisher #2 rcl_handle: 101619592519024	Diff (Publisher → rcl): -20672	Publisher #3 object ptr: 101619592560256	Publisher #3 rcl_handle: 101619592555264	Diff (Publisher → rcl): -4992	
Publisher #1 object ptr: 96025787074176	Publisher #1 rcl_handle: 96025787058464	Diff (Publisher → rcl): -15712	Publisher #2 object ptr: 96025787108912	Publisher #2 rcl_handle: 96025787088240	Diff (Publisher → rcl): -20672	Publisher #3 object ptr: 96025787129472	Publisher #3 rcl_handle: 96025787124480	Diff (Publisher → rcl): -4992	
Publisher #1 object ptr: 101427284817536	Publisher #1 rcl_handle: 101427284801824	Diff (Publisher → rcl): -15712	Publisher #2 object ptr: 101427284852272	Publisher #2 rcl_handle: 101427284831600	Diff (Publisher → rcl): -20672	Publisher #3 object ptr: 101427284872832	Publisher #3 rcl_handle: 101427284867840	Diff (Publisher → rcl): -4992	
Publisher #1 object ptr: 99937488647840	Publisher #1 rcl_handle: 99937488632176	Diff (Publisher → rcl): -15664	Publisher #2 object ptr: 99937488682544	Publisher #2 rcl_handle: 99937488661904	Diff (Publisher → rcl): -20640	Publisher #3 object ptr: 99937488703104	Publisher #3 rcl_handle: 99937488698112	Diff (Publisher → rcl): -4992	
Publisher #1 object ptr: 98190712100480	Publisher #1 rcl_handle: 98190712084768	Diff (Publisher → rcl): -15712	Publisher #2 object ptr: 98190712135216	Publisher #2 rcl_handle: 98190712114544	Diff (Publisher → rcl): -20672	Publisher #3 object ptr: 98190712155776	Publisher #3 rcl_handle: 98190712150784	Diff (Publisher → rcl): -4992	
Publisher #1 object ptr: 107933108180608	Publisher #1 rcl_handle: 107933108164896	Diff (Publisher → rcl): -15712	Publisher #2 object ptr: 107933108215264	Publisher #2 rcl_handle: 107933108216048	Diff (Publisher → rcl): 784	Publisher #3 object ptr: 107933108235888	Publisher #3 rcl_handle: 107933108230896	Diff (Publisher → rcl): -4992	
Publisher #1 object ptr: 103052864927360	Publisher #1 rcl_handle: 103052864911648	Diff (Publisher → rcl): -15712	Publisher #2 object ptr: 103052864962096	Publisher #2 rcl_handle: 103052864941424	Diff (Publisher → rcl): -20672	Publisher #3 object ptr: 103052864982656	Publisher #3 rcl_handle: 103052864977664	Diff (Publisher → rcl): -4992	
Publisher #1 object ptr: 98348953977904	Publisher #1 rcl_handle: 98348953962192	Diff (Publisher → rcl): -15712	Publisher #2 object ptr: 98348954012736	Publisher #2 rcl_handle: 98348954013520	Diff (Publisher → rcl): 784	Publisher #3 object ptr: 98348954033360	Publisher #3 rcl_handle: 98348954028368	Diff (Publisher → rcl): -4992	
Publisher #1 object ptr: 103253093336704	Publisher #1 rcl_handle: 103253093320992	Diff (Publisher → rcl): -15712	Publisher #2 object ptr: 103253093371360	Publisher #2 rcl_handle: 103253093372144	Diff (Publisher → rcl): 784	Publisher #3 object ptr: 103253093391984	Publisher #3 rcl_handle: 103253093386992	Diff (Publisher → rcl): -4992	
Publisher #1 object ptr: 98027305625216	Publisher #1 rcl_handle: 98027305609504	Diff (Publisher → rcl): -15712	Publisher #2 object ptr: 98027305659952	Publisher #2 rcl_handle: 98027305639280	Diff (Publisher → rcl): -20672	Publisher #3 object ptr: 98027305680512	Publisher #3 rcl_handle: 98027305675520	Diff (Publisher → rcl): -4992	
Publisher #1 object ptr: 108722769712768	Publisher #1 rcl_handle: 108722769697056	Diff (Publisher → rcl): -15712	Publisher #2 object ptr: 108722769747504	Publisher #2 rcl_handle: 108722769726832	Diff (Publisher → rcl): -20672	Publisher #3 object ptr: 108722769768064	Publisher #3 rcl_handle: 108722769763072	Diff (Publisher → rcl): -4992	
Publisher #1 object ptr: 111326419383920	Publisher #1 rcl_handle: 111326419368208	Diff (Publisher → rcl): -15712	Publisher #2 object ptr: 111326419418656	Publisher #2 rcl_handle: 111326419397984	Diff (Publisher → rcl): -20672	Publisher #3 object ptr: 111326419439216	Publisher #3 rcl_handle: 111326419434224	Diff (Publisher → rcl): -4992	
Publisher #1 object ptr: 100655319647872	Publisher #1 rcl_handle: 100655319632160	Diff (Publisher → rcl): -15712	Publisher #2 object ptr: 100655319682608	Publisher #2 rcl_handle: 100655319661936	Diff (Publisher → rcl): -20672	Publisher #3 object ptr: 100655319703168	Publisher #3 rcl_handle: 100655319698176	Diff (Publisher → rcl): -4992	
Publisher #1 object ptr: 104518809523840	Publisher #1 rcl_handle: 104518809508128	Diff (Publisher → rcl): -15712	Publisher #2 object ptr: 104518809558576	Publisher #2 rcl_handle: 104518809537904	Diff (Publisher → rcl): -20672	Publisher #3 object ptr: 104518809579136	Publisher #3 rcl_handle: 104518809574144	Diff (Publisher → rcl): -4992	
Publisher #1 object ptr: 104793110341248	Publisher #1 rcl_handle: 104793110325536	Diff (Publisher → rcl): -15712	Publisher #2 object ptr: 104793110375904	Publisher #2 rcl_handle: 104793110376688	Diff (Publisher → rcl): 784	Publisher #3 object ptr: 104793110396528	Publisher #3 rcl_handle: 104793110391536	Diff (Publisher → rcl): -4992	
Publisher #1 object ptr: 99998606132864	Publisher #1 rcl_handle: 99998606117152	Diff (Publisher → rcl): -15712	Publisher #2 object ptr: 99998606167600	Publisher #2 rcl_handle: 99998606146928	Diff (Publisher → rcl): -20672	Publisher #3 object ptr: 99998606188160	Publisher #3 rcl_handle: 99998606183168	Diff (Publisher → rcl): -4992	
Publisher #1 object ptr: 97490282510096	Publisher #1 rcl_handle: 97490282494384	Diff (Publisher → rcl): -15712	Publisher #2 object ptr: 97490282544752	Publisher #2 rcl_handle: 97490282545536	Diff (Publisher → rcl): 784	Publisher #3 object ptr: 97490282565376	Publisher #3 rcl_handle: 97490282560384	Diff (Publisher → rcl): -4992	
Publisher #1 object ptr: 108616957695600	Publisher #1 rcl_handle: 108616957679888	Diff (Publisher → rcl): -15712	Publisher #2 object ptr: 108616957730336	Publisher #2 rcl_handle: 108616957709664	Diff (Publisher → rcl): -20672	Publisher #3 object ptr: 108616957750896	Publisher #3 rcl_handle: 108616957745904	Diff (Publisher → rcl): -4992	
Publisher #1 object ptr: 111068168697456	Publisher #1 rcl_handle: 111068168681744	Diff (Publisher → rcl): -15712	Publisher #2 object ptr: 111068168732112	Publisher #2 rcl_handle: 111068168732896	Diff (Publisher → rcl): 784	Publisher #3 object ptr: 111068168752736	Publisher #3 rcl_handle: 111068168747744	Diff (Publisher → rcl): -4992	
Publisher #1 object ptr: 95891542840960	Publisher #1 rcl_handle: 95891542825248	Diff (Publisher → rcl): -15712	Publisher #2 object ptr: 95891542875616	Publisher #2 rcl_handle: 95891542876400	Diff (Publisher → rcl): 784	Publisher #3 object ptr: 95891542896240	Publisher #3 rcl_handle: 95891542891248	Diff (Publisher → rcl): -4992	
Publisher #1 object ptr: 109333804775072	Publisher #1 rcl_handle: 109333804759360	Diff (Publisher → rcl): -15712	Publisher #2 object ptr: 109333804809808	Publisher #2 rcl_handle: 109333804789136	Diff (Publisher → rcl): -20672	Publisher #3 object ptr: 109333804830368	Publisher #3 rcl_handle: 109333804825376	Diff (Publisher → rcl): -4992	
Publisher #1 object ptr: 105070117775008	Publisher #1 rcl_handle: 105070117759296	Diff (Publisher → rcl): -15712	Publisher #2 object ptr: 105070117809664	Publisher #2 rcl_handle: 105070117810448	Diff (Publisher → rcl): 784	Publisher #3 object ptr: 105070117830288	Publisher #3 rcl_handle: 105070117825296	Diff (Publisher → rcl): -4992	
Publisher #1 object ptr: 94180442457728	Publisher #1 rcl_handle: 94180442442096	Diff (Publisher → rcl): -15632	Publisher #2 object ptr: 94180442492464	Publisher #2 rcl_handle: 94180442493248	Diff (Publisher → rcl): 784	Publisher #3 object ptr: 94180442513008	Publisher #3 rcl_handle: 94180442508016	Diff (Publisher → rcl): -4992	
Publisher #1 object ptr: 102107152884800	Publisher #1 rcl_handle: 102107152869088	Diff (Publisher → rcl): -15712	Publisher #2 object ptr: 102107152919632	Publisher #2 rcl_handle: 102107152920416	Diff (Publisher → rcl): 784	Publisher #3 object ptr: 102107152940256	Publisher #3 rcl_handle: 102107152935264	Diff (Publisher → rcl): -4992	
Publisher #1 object ptr: 105538809292448	Publisher #1 rcl_handle: 105538809276784	Diff (Publisher → rcl): -15664	Publisher #2 object ptr: 105538809327152	Publisher #2 rcl_handle: 105538809306512	Diff (Publisher → rcl): -20640	Publisher #3 object ptr: 105538809347712	Publisher #3 rcl_handle: 105538809342720	Diff (Publisher → rcl): -4992	
Publisher #1 object ptr: 98997952165504	Publisher #1 rcl_handle: 98997952149792	Diff (Publisher → rcl): -15712	Publisher #2 object ptr: 98997952200240	Publisher #2 rcl_handle: 98997952179568	Diff (Publisher → rcl): -20672	Publisher #3 object ptr: 98997952220800	Publisher #3 rcl_handle: 98997952215808	Diff (Publisher → rcl): -4992	
Publisher #1 object ptr: 106545496086144	Publisher #1 rcl_handle: 106545496070432	Diff (Publisher → rcl): -15712	Publisher #2 object ptr: 106545496120880	Publisher #2 rcl_handle: 106545496121664	Diff (Publisher → rcl): 784	Publisher #3 object ptr: 106545496141424	Publisher #3 rcl_handle: 106545496136432	Diff (Publisher → rcl): -4992	
Publisher #1 object ptr: 100390916593280	Publisher #1 rcl_handle: 100390916577568	Diff (Publisher → rcl): -15712	Publisher #2 object ptr: 100390916628016	Publisher #2 rcl_handle: 100390916607344	Diff (Publisher → rcl): -20672	Publisher #3 object ptr: 100390916648576	Publisher #3 rcl_handle: 100390916643584	Diff (Publisher → rcl): -4992	
Publisher #1 object ptr: 104944003154960	Publisher #1 rcl_handle: 104944003139248	Diff (Publisher → rcl): -15712	Publisher #2 object ptr: 104944003189872	Publisher #2 rcl_handle: 104944003190656	Diff (Publisher → rcl): 784	Publisher #3 object ptr: 104944003210416	Publisher #3 rcl_handle: 104944003205424	Diff (Publisher → rcl): -4992	
Publisher #1 object ptr: 99072188642944	Publisher #1 rcl_handle: 99072188627232	Diff (Publisher → rcl): -15712	Publisher #2 object ptr: 99072188677600	Publisher #2 rcl_handle: 99072188678384	Diff (Publisher → rcl): 784	Publisher #3 object ptr: 99072188698224	Publisher #3 rcl_handle: 99072188693232	Diff (Publisher → rcl): -4992	
Publisher #1 object ptr: 108306290742912	Publisher #1 rcl_handle: 108306290727200	Diff (Publisher → rcl): -15712	Publisher #2 object ptr: 108306290777648	Publisher #2 rcl_handle: 108306290756976	Diff (Publisher → rcl): -20672	Publisher #3 object ptr: 108306290798208	Publisher #3 rcl_handle: 108306290793216	Diff (Publisher → rcl): -4992	
Publisher #1 object ptr: 98947671725696	Publisher #1 rcl_handle: 98947671709984	Diff (Publisher → rcl): -15712	Publisher #2 object ptr: 98947671760432	Publisher #2 rcl_handle: 98947671739760	Diff (Publisher → rcl): -20672	Publisher #3 object ptr: 98947671780992	Publisher #3 rcl_handle: 98947671776000	Diff (Publisher → rcl): -4992	
Publisher #1 object ptr: 102593632105792	Publisher #1 rcl_handle: 102593632090080	Diff (Publisher → rcl): -15712	Publisher #2 object ptr: 102593632140880	Publisher #2 rcl_handle: 102593632141664	Diff (Publisher → rcl): 784	Publisher #3 object ptr: 102593632161504	Publisher #3 rcl_handle: 102593632156512	Diff (Publisher → rcl): -4992	
Publisher #1 object ptr: 107556811060864	Publisher #1 rcl_handle: 107556811045152	Diff (Publisher → rcl): -15712	Publisher #2 object ptr: 107556811095600	Publisher #2 rcl_handle: 107556811074928	Diff (Publisher → rcl): -20672	Publisher #3 object ptr: 107556811116160	Publisher #3 rcl_handle: 107556811111168	Diff (Publisher → rcl): -4992	
Publisher #1 object ptr: 102847347410560	Publisher #1 rcl_handle: 102847347394848	Diff (Publisher → rcl): -15712	Publisher #2 object ptr: 102847347445296	Publisher #2 rcl_handle: 102847347424624	Diff (Publisher → rcl): -20672	Publisher #3 object ptr: 102847347465856	Publisher #3 rcl_handle: 102847347460864	Diff (Publisher → rcl): -4992	
Publisher #1 object ptr: 97912300615296	Publisher #1 rcl_handle: 97912300599584	Diff (Publisher → rcl): -15712	Publisher #2 object ptr: 97912300649952	Publisher #2 rcl_handle: 97912300650736	Diff (Publisher → rcl): 784	Publisher #3 object ptr: 97912300670576	Publisher #3 rcl_handle: 97912300665584	Diff (Publisher → rcl): -4992	
Publisher #1 object ptr: 104317958461056	Publisher #1 rcl_handle: 104317958445344	Diff (Publisher → rcl): -15712	Publisher #2 object ptr: 104317958495792	Publisher #2 rcl_handle: 104317958475120	Diff (Publisher → rcl): -20672	Publisher #3 object ptr: 104317958516352	Publisher #3 rcl_handle: 104317958511360	Diff (Publisher → rcl): -4992	
Publisher #1 object ptr: 109272717751264	Publisher #1 rcl_handle: 109272717735552	Diff (Publisher → rcl): -15712	Publisher #2 object ptr: 109272717786096	Publisher #2 rcl_handle: 109272717786880	Diff (Publisher → rcl): 784	Publisher #3 object ptr: 109272717806720	Publisher #3 rcl_handle: 109272717801728	Diff (Publisher → rcl): -4992	
Publisher #1 object ptr: 103544607475328	Publisher #1 rcl_handle: 103544607459616	Diff (Publisher → rcl): -15712	Publisher #2 object ptr: 103544607510064	Publisher #2 rcl_handle: 103544607489392	Diff (Publisher → rcl): -20672	Publisher #3 object ptr: 103544607530624	Publisher #3 rcl_handle: 103544607525632	Diff (Publisher → rcl): -4992	
Publisher #1 object ptr: 109772907067008	Publisher #1 rcl_handle: 109772907051296	Diff (Publisher → rcl): -15712	Publisher #2 object ptr: 109772907101664	Publisher #2 rcl_handle: 109772907102448	Diff (Publisher → rcl): 784	Publisher #3 object ptr: 109772907122288	Publisher #3 rcl_handle: 109772907117296	Diff (Publisher → rcl): -4992	
Publisher #1 object ptr: 109956416059088	Publisher #1 rcl_handle: 109956416043376	Diff (Publisher → rcl): -15712	Publisher #2 object ptr: 109956416093664	Publisher #2 rcl_handle: 109956416094448	Diff (Publisher → rcl): 784	Publisher #3 object ptr: 109956416114288	Publisher #3 rcl_handle: 109956416109296	Diff (Publisher → rcl): -4992	
Publisher #1 object ptr: 93889753163392	Publisher #1 rcl_handle: 93889753147680	Diff (Publisher → rcl): -15712	Publisher #2 object ptr: 93889753198128	Publisher #2 rcl_handle: 93889753177456	Diff (Publisher → rcl): -20672	Publisher #3 object ptr: 93889753218688	Publisher #3 rcl_handle: 93889753213696	Diff (Publisher → rcl): -4992	
Publisher #1 object ptr: 103585564284544	Publisher #1 rcl_handle: 103585564268832	Diff (Publisher → rcl): -15712	Publisher #2 object ptr: 103585564319280	Publisher #2 rcl_handle: 103585564298608	Diff (Publisher → rcl): -20672	Publisher #3 object ptr: 103585564339840	Publisher #3 rcl_handle: 103585564334848	Diff (Publisher → rcl): -4992	
Publisher #1 object ptr: 99493966374000	Publisher #1 rcl_handle: 99493966358288	Diff (Publisher → rcl): -15712	Publisher #2 object ptr: 99493966408752	Publisher #2 rcl_handle: 99493966409536	Diff (Publisher → rcl): 784	Publisher #3 object ptr: 99493966429376	Publisher #3 rcl_handle: 99493966424384	Diff (Publisher → rcl): -4992	
Publisher #1 object ptr: 97563262314192	Publisher #1 rcl_handle: 97563262298480	Diff (Publisher → rcl): -15712	Publisher #2 object ptr: 97563262348848	Publisher #2 rcl_handle: 97563262328176	Diff (Publisher → rcl): -20672	Publisher #3 object ptr: 97563262369408	Publisher #3 rcl_handle: 97563262364416	Diff (Publisher → rcl): -4992	
Publisher #1 object ptr: 107919034259072	Publisher #1 rcl_handle: 107919034243360	Diff (Publisher → rcl): -15712	Publisher #2 object ptr: 107919034293808	Publisher #2 rcl_handle: 107919034273136	Diff (Publisher → rcl): -20672	Publisher #3 object ptr: 107919034314368	Publisher #3 rcl_handle: 107919034309376	Diff (Publisher → rcl): -4992	
Publisher #1 object ptr: 103791278196352	Publisher #1 rcl_handle: 103791278180640	Diff (Publisher → rcl): -15712	Publisher #2 object ptr: 103791278231088	Publisher #2 rcl_handle: 103791278210416	Diff (Publisher → rcl): -20672	Publisher #3 object ptr: 103791278251648	Publisher #3 rcl_handle: 103791278246656	Diff (Publisher → rcl): -4992	
Publisher #1 object ptr: 103231171663488	Publisher #1 rcl_handle: 103231171647776	Diff (Publisher → rcl): -15712	Publisher #2 object ptr: 103231171698144	Publisher #2 rcl_handle: 103231171698928	Diff (Publisher → rcl): 784	Publisher #3 object ptr: 103231171718768	Publisher #3 rcl_handle: 103231171713776	Diff (Publisher → rcl): -4992	
Publisher #1 object ptr: 102753864742560	Publisher #1 rcl_handle: 102753864726848	Diff (Publisher → rcl): -15712	Publisher #2 object ptr: 102753864777296	Publisher #2 rcl_handle: 102753864756624	Diff (Publisher → rcl): -20672	Publisher #3 object ptr: 102753864797856	Publisher #3 rcl_handle: 102753864792864	Diff (Publisher → rcl): -4992	
Publisher #1 object ptr: 95894983272064	Publisher #1 rcl_handle: 95894983256352	Diff (Publisher → rcl): -15712	Publisher #2 object ptr: 95894983306800	Publisher #2 rcl_handle: 95894983286128	Diff (Publisher → rcl): -20672	Publisher #3 object ptr: 95894983327360	Publisher #3 rcl_handle: 95894983322368	Diff (Publisher → rcl): -4992	
Publisher #1 object ptr: 94657972815488	Publisher #1 rcl_handle: 94657972799776	Diff (Publisher → rcl): -15712	Publisher #2 object ptr: 94657972850144	Publisher #2 rcl_handle: 94657972850928	Diff (Publisher → rcl): 784	Publisher #3 object ptr: 94657972870768	Publisher #3 rcl_handle: 94657972865776	Diff (Publisher → rcl): -4992	
Publisher #1 object ptr: 110878348994176	Publisher #1 rcl_handle: 110878348978464	Diff (Publisher → rcl): -15712	Publisher #2 object ptr: 110878349028912	Publisher #2 rcl_handle: 110878349008240	Diff (Publisher → rcl): -20672	Publisher #3 object ptr: 110878349049472	Publisher #3 rcl_handle: 110878349044480	Diff (Publisher → rcl): -4992	
Publisher #1 object ptr: 103359433836160	Publisher #1 rcl_handle: 103359433820448	Diff (Publisher → rcl): -15712	Publisher #2 object ptr: 103359433870896	Publisher #2 rcl_handle: 103359433850224	Diff (Publisher → rcl): -20672	Publisher #3 object ptr: 103359433891456	Publisher #3 rcl_handle: 103359433886464	Diff (Publisher → rcl): -4992	
Publisher #1 object ptr: 104124495156864	Publisher #1 rcl_handle: 104124495141152	Diff (Publisher → rcl): -15712	Publisher #2 object ptr: 104124495191600	Publisher #2 rcl_handle: 104124495170928	Diff (Publisher → rcl): -20672	Publisher #3 object ptr: 104124495212160	Publisher #3 rcl_handle: 104124495207168	Diff (Publisher → rcl): -4992	
Publisher #1 object ptr: 97855595574912	Publisher #1 rcl_handle: 97855595559200	Diff (Publisher → rcl): -15712	Publisher #2 object ptr: 97855595609648	Publisher #2 rcl_handle: 97855595588976	Diff (Publisher → rcl): -20672	Publisher #3 object ptr: 97855595630208	Publisher #3 rcl_handle: 97855595625216	Diff (Publisher → rcl): -4992	
Publisher #1 object ptr: 108187884521088	Publisher #1 rcl_handle: 108187884505376	Diff (Publisher → rcl): -15712	Publisher #2 object ptr: 108187884555824	Publisher #2 rcl_handle: 108187884535152	Diff (Publisher → rcl): -20672	Publisher #3 object ptr: 108187884576384	Publisher #3 rcl_handle: 108187884571392	Diff (Publisher → rcl): -4992	
Publisher #1 object ptr: 103191533819520	Publisher #1 rcl_handle: 103191533803808	Diff (Publisher → rcl): -15712	Publisher #2 object ptr: 103191533854176	Publisher #2 rcl_handle: 103191533854960	Diff (Publisher → rcl): 784	Publisher #3 object ptr: 103191533874800	Publisher #3 rcl_handle: 103191533869808	Diff (Publisher → rcl): -4992	
Publisher #1 object ptr: 107591538448000	Publisher #1 rcl_handle: 107591538432288	Diff (Publisher → rcl): -15712	Publisher #2 object ptr: 107591538482736	Publisher #2 rcl_handle: 107591538483520	Diff (Publisher → rcl): 784	Publisher #3 object ptr: 107591538503280	Publisher #3 rcl_handle: 107591538498288	Diff (Publisher → rcl): -4992	
Publisher #1 object ptr: 105410605659776	Publisher #1 rcl_handle: 105410605644064	Diff (Publisher → rcl): -15712	Publisher #2 object ptr: 105410605694432	Publisher #2 rcl_handle: 105410605695216	Diff (Publisher → rcl): 784	Publisher #3 object ptr: 105410605715056	Publisher #3 rcl_handle: 105410605710064	Diff (Publisher → rcl): -4992	
Publisher #1 object ptr: 108496424638080	Publisher #1 rcl_handle: 108496424622368	Diff (Publisher → rcl): -15712	Publisher #2 object ptr: 108496424672816	Publisher #2 rcl_handle: 108496424652144	Diff (Publisher → rcl): -20672	Publisher #3 object ptr: 108496424693376	Publisher #3 rcl_handle: 108496424688384	Diff (Publisher → rcl): -4992	
Publisher #1 object ptr: 100297280513664	Publisher #1 rcl_handle: 100297280497952	Diff (Publisher → rcl): -15712	Publisher #2 object ptr: 100297280548320	Publisher #2 rcl_handle: 100297280549104	Diff (Publisher → rcl): 784	Publisher #3 object ptr: 100297280568944	Publisher #3 rcl_handle: 100297280563952	Diff (Publisher → rcl): -4992	
Publisher #1 object ptr: 99359033431680	Publisher #1 rcl_handle: 99359033415968	Diff (Publisher → rcl): -15712	Publisher #2 object ptr: 99359033466416	Publisher #2 rcl_handle: 99359033445744	Diff (Publisher → rcl): -20672	Publisher #3 object ptr: 99359033486976	Publisher #3 rcl_handle: 99359033481984	Diff (Publisher → rcl): -4992	
Publisher #1 object ptr: 102496019011200	Publisher #1 rcl_handle: 102496018995488	Diff (Publisher → rcl): -15712	Publisher #2 object ptr: 102496019045856	Publisher #2 rcl_handle: 102496019046640	Diff (Publisher → rcl): 784	Publisher #3 object ptr: 102496019066480	Publisher #3 rcl_handle: 102496019061488	Diff (Publisher → rcl): -4992	
Publisher #1 object ptr: 95566003742336	Publisher #1 rcl_handle: 95566003726624	Diff (Publisher → rcl): -15712	Publisher #2 object ptr: 95566003776992	Publisher #2 rcl_handle: 95566003777776	Diff (Publisher → rcl): 784	Publisher #3 object ptr: 95566003797616	Publisher #3 rcl_handle: 95566003792624	Diff (Publisher → rcl): -4992	
Publisher #1 object ptr: 103639807842064	Publisher #1 rcl_handle: 103639807826352	Diff (Publisher → rcl): -15712	Publisher #2 object ptr: 103639807876720	Publisher #2 rcl_handle: 103639807877504	Diff (Publisher → rcl): 784	Publisher #3 object ptr: 103639807897344	Publisher #3 rcl_handle: 103639807892352	Diff (Publisher → rcl): -4992	
Publisher #1 object ptr: 106224797512848	Publisher #1 rcl_handle: 106224797497136	Diff (Publisher → rcl): -15712	Publisher #2 object ptr: 106224797547680	Publisher #2 rcl_handle: 106224797548464	Diff (Publisher → rcl): 784	Publisher #3 object ptr: 106224797568224	Publisher #3 rcl_handle: 106224797563232	Diff (Publisher → rcl): -4992	
